2025-03-14 22:40:24,794 - distributed.nanny - INFO -         Start Nanny at: 'tcp://10.6.8.44:37313'
2025-03-14 22:40:25,937 - distributed.diskutils - INFO - Found stale lock file and directory '/scratch/cta5244/dask-workers/dask-scratch-space/worker-g1_52o2k', purging
2025-03-14 22:40:25,982 - distributed.diskutils - INFO - Found stale lock file and directory '/scratch/cta5244/dask-workers/dask-scratch-space/worker-1_tmwysn', purging
2025-03-14 22:40:26,021 - distributed.diskutils - INFO - Found stale lock file and directory '/scratch/cta5244/dask-workers/dask-scratch-space/worker-7friftb4', purging
2025-03-14 22:40:27,843 - distributed.worker - INFO -       Start worker at:      tcp://10.6.8.44:37125
2025-03-14 22:40:27,844 - distributed.worker - INFO -          Listening to:      tcp://10.6.8.44:37125
2025-03-14 22:40:27,844 - distributed.worker - INFO -           Worker name:             SLURMCluster-4
2025-03-14 22:40:27,844 - distributed.worker - INFO -          dashboard at:            10.6.8.44:39369
2025-03-14 22:40:27,844 - distributed.worker - INFO - Waiting to connect to: tcp://146.186.150.11:36245
2025-03-14 22:40:27,844 - distributed.worker - INFO - -------------------------------------------------
2025-03-14 22:40:27,844 - distributed.worker - INFO -               Threads:                          1
2025-03-14 22:40:27,845 - distributed.worker - INFO -                Memory:                   4.00 GiB
2025-03-14 22:40:27,845 - distributed.worker - INFO -       Local Directory: /scratch/cta5244/dask-workers/dask-scratch-space/worker-fyo9yn63
2025-03-14 22:40:27,845 - distributed.worker - INFO - -------------------------------------------------
2025-03-14 22:40:28,446 - distributed.worker - INFO - Starting Worker plugin shuffle
2025-03-14 22:40:28,447 - distributed.worker - INFO -         Registered to: tcp://146.186.150.11:36245
2025-03-14 22:40:28,447 - distributed.worker - INFO - -------------------------------------------------
2025-03-14 22:40:28,447 - distributed.core - INFO - Starting established connection to tcp://146.186.150.11:36245
2025-03-14 22:41:09,437 - distributed.worker - ERROR - Worker stream died during communication: tcp://10.6.8.26:39699
Traceback (most recent call last):
  File "/storage/home/cta5244/mambaforge/envs/pyWBM/lib/python3.10/site-packages/tornado/iostream.py", line 861, in _read_to_buffer
    bytes_read = self.read_from_fd(buf)
  File "/storage/home/cta5244/mambaforge/envs/pyWBM/lib/python3.10/site-packages/tornado/iostream.py", line 1116, in read_from_fd
    return self.socket.recv_into(buf, len(buf))
ConnectionResetError: [Errno 104] Connection reset by peer

The above exception was the direct cause of the following exception:

Traceback (most recent call last):
  File "/storage/home/cta5244/mambaforge/envs/pyWBM/lib/python3.10/site-packages/distributed/worker.py", line 2075, in gather_dep
    response = await get_data_from_worker(
  File "/storage/home/cta5244/mambaforge/envs/pyWBM/lib/python3.10/site-packages/distributed/worker.py", line 2881, in get_data_from_worker
    response = await send_recv(
  File "/storage/home/cta5244/mambaforge/envs/pyWBM/lib/python3.10/site-packages/distributed/core.py", line 1018, in send_recv
    response = await comm.read(deserializers=deserializers)
  File "/storage/home/cta5244/mambaforge/envs/pyWBM/lib/python3.10/site-packages/distributed/comm/tcp.py", line 237, in read
    convert_stream_closed_error(self, e)
  File "/storage/home/cta5244/mambaforge/envs/pyWBM/lib/python3.10/site-packages/distributed/comm/tcp.py", line 143, in convert_stream_closed_error
    raise CommClosedError(f"in {obj}: {exc.__class__.__name__}: {exc}") from exc
distributed.comm.core.CommClosedError: in <TCP (closed) Ephemeral Worker->Worker for gather local=tcp://10.6.8.44:44966 remote=tcp://10.6.8.26:39699>: ConnectionResetError: [Errno 104] Connection reset by peer
Exception ignored in: <function CachingFileManager.__del__ at 0x14a84e8e1f30>
Traceback (most recent call last):
  File "/storage/home/cta5244/mambaforge/envs/pyWBM/lib/python3.10/site-packages/xarray/backends/file_manager.py", line 250, in __del__
    self.close(needs_lock=False)
  File "/storage/home/cta5244/mambaforge/envs/pyWBM/lib/python3.10/site-packages/xarray/backends/file_manager.py", line 234, in close
    file.close()
  File "src/netCDF4/_netCDF4.pyx", line 2669, in netCDF4._netCDF4.Dataset.close
  File "src/netCDF4/_netCDF4.pyx", line 2636, in netCDF4._netCDF4.Dataset._close
  File "src/netCDF4/_netCDF4.pyx", line 2164, in netCDF4._netCDF4._ensure_nc_success
RuntimeError: NetCDF: HDF error
double free or corruption (!prev)
2025-03-14 22:41:31,492 - distributed.nanny - INFO - Worker process 2035288 was killed by signal 6
2025-03-14 22:41:31,497 - distributed.nanny - WARNING - Restarting worker
2025-03-14 22:41:32,745 - distributed.diskutils - INFO - Found stale lock file and directory '/scratch/cta5244/dask-workers/dask-scratch-space/worker-7so2aprg', purging
2025-03-14 22:41:33,647 - distributed.worker - INFO -       Start worker at:      tcp://10.6.8.44:37201
2025-03-14 22:41:33,647 - distributed.worker - INFO -          Listening to:      tcp://10.6.8.44:37201
2025-03-14 22:41:33,647 - distributed.worker - INFO -           Worker name:             SLURMCluster-4
2025-03-14 22:41:33,647 - distributed.worker - INFO -          dashboard at:            10.6.8.44:43027
2025-03-14 22:41:33,647 - distributed.worker - INFO - Waiting to connect to: tcp://146.186.150.11:36245
2025-03-14 22:41:33,647 - distributed.worker - INFO - -------------------------------------------------
2025-03-14 22:41:33,647 - distributed.worker - INFO -               Threads:                          1
2025-03-14 22:41:33,652 - distributed.worker - INFO -                Memory:                   4.00 GiB
2025-03-14 22:41:33,652 - distributed.worker - INFO -       Local Directory: /scratch/cta5244/dask-workers/dask-scratch-space/worker-3fi7i_b1
2025-03-14 22:41:33,652 - distributed.worker - INFO - -------------------------------------------------
2025-03-14 22:41:34,210 - distributed.worker - INFO - Starting Worker plugin shuffle
2025-03-14 22:41:34,211 - distributed.worker - INFO -         Registered to: tcp://146.186.150.11:36245
2025-03-14 22:41:34,211 - distributed.worker - INFO - -------------------------------------------------
2025-03-14 22:41:34,211 - distributed.core - INFO - Starting established connection to tcp://146.186.150.11:36245
2025-03-14 22:41:35,798 - distributed.worker - ERROR - Worker stream died during communication: tcp://10.6.8.13:40901
Traceback (most recent call last):
  File "/storage/home/cta5244/mambaforge/envs/pyWBM/lib/python3.10/site-packages/tornado/iostream.py", line 861, in _read_to_buffer
    bytes_read = self.read_from_fd(buf)
  File "/storage/home/cta5244/mambaforge/envs/pyWBM/lib/python3.10/site-packages/tornado/iostream.py", line 1116, in read_from_fd
    return self.socket.recv_into(buf, len(buf))
ConnectionResetError: [Errno 104] Connection reset by peer

The above exception was the direct cause of the following exception:

Traceback (most recent call last):
  File "/storage/home/cta5244/mambaforge/envs/pyWBM/lib/python3.10/site-packages/distributed/worker.py", line 2075, in gather_dep
    response = await get_data_from_worker(
  File "/storage/home/cta5244/mambaforge/envs/pyWBM/lib/python3.10/site-packages/distributed/worker.py", line 2878, in get_data_from_worker
    comm = await rpc.connect(worker)
  File "/storage/home/cta5244/mambaforge/envs/pyWBM/lib/python3.10/site-packages/distributed/core.py", line 1539, in connect
    return connect_attempt.result()
  File "/storage/home/cta5244/mambaforge/envs/pyWBM/lib/python3.10/site-packages/distributed/core.py", line 1429, in _connect
    comm = await connect(
  File "/storage/home/cta5244/mambaforge/envs/pyWBM/lib/python3.10/site-packages/distributed/comm/core.py", line 377, in connect
    handshake = await comm.read()
  File "/storage/home/cta5244/mambaforge/envs/pyWBM/lib/python3.10/site-packages/distributed/comm/tcp.py", line 237, in read
    convert_stream_closed_error(self, e)
  File "/storage/home/cta5244/mambaforge/envs/pyWBM/lib/python3.10/site-packages/distributed/comm/tcp.py", line 143, in convert_stream_closed_error
    raise CommClosedError(f"in {obj}: {exc.__class__.__name__}: {exc}") from exc
distributed.comm.core.CommClosedError: in <TCP (closed)  local=tcp://10.6.8.44:36070 remote=tcp://10.6.8.13:40901>: ConnectionResetError: [Errno 104] Connection reset by peer
2025-03-14 22:41:42,055 - distributed.nanny - INFO - Worker process 2039808 was killed by signal 11
2025-03-14 22:41:42,059 - distributed.nanny - WARNING - Restarting worker
2025-03-14 22:41:43,011 - distributed.diskutils - INFO - Found stale lock file and directory '/scratch/cta5244/dask-workers/dask-scratch-space/worker-3h4ue9oi', purging
2025-03-14 22:41:43,870 - distributed.worker - INFO -       Start worker at:      tcp://10.6.8.44:41191
2025-03-14 22:41:43,870 - distributed.worker - INFO -          Listening to:      tcp://10.6.8.44:41191
2025-03-14 22:41:43,870 - distributed.worker - INFO -           Worker name:             SLURMCluster-4
2025-03-14 22:41:43,871 - distributed.worker - INFO -          dashboard at:            10.6.8.44:41471
2025-03-14 22:41:43,871 - distributed.worker - INFO - Waiting to connect to: tcp://146.186.150.11:36245
2025-03-14 22:41:43,871 - distributed.worker - INFO - -------------------------------------------------
2025-03-14 22:41:43,871 - distributed.worker - INFO -               Threads:                          1
2025-03-14 22:41:43,871 - distributed.worker - INFO -                Memory:                   4.00 GiB
2025-03-14 22:41:43,871 - distributed.worker - INFO -       Local Directory: /scratch/cta5244/dask-workers/dask-scratch-space/worker-kq6dren3
2025-03-14 22:41:43,871 - distributed.worker - INFO - -------------------------------------------------
2025-03-14 22:41:44,313 - distributed.worker - INFO - Starting Worker plugin shuffle
2025-03-14 22:41:44,314 - distributed.worker - INFO -         Registered to: tcp://146.186.150.11:36245
2025-03-14 22:41:44,314 - distributed.worker - INFO - -------------------------------------------------
2025-03-14 22:41:44,314 - distributed.core - INFO - Starting established connection to tcp://146.186.150.11:36245
Exception ignored in: <function CachingFileManager.__del__ at 0x14ea52f4d990>
Traceback (most recent call last):
  File "/storage/home/cta5244/mambaforge/envs/pyWBM/lib/python3.10/site-packages/xarray/backends/file_manager.py", line 250, in __del__
    self.close(needs_lock=False)
  File "/storage/home/cta5244/mambaforge/envs/pyWBM/lib/python3.10/site-packages/xarray/backends/file_manager.py", line 234, in close
    file.close()
  File "src/netCDF4/_netCDF4.pyx", line 2669, in netCDF4._netCDF4.Dataset.close
  File "src/netCDF4/_netCDF4.pyx", line 2636, in netCDF4._netCDF4.Dataset._close
  File "src/netCDF4/_netCDF4.pyx", line 2164, in netCDF4._netCDF4._ensure_nc_success
RuntimeError: NetCDF: HDF error
2025-03-14 22:41:47,002 - distributed.worker - ERROR - Compute Failed
Key:       ('concatenate-mean_chunk-367a6debf57fcbe6c2f701701320497d', 12, 0, 0)
State:     executing
Task:  <Task ('concatenate-mean_chunk-367a6debf57fcbe6c2f701701320497d', 12, 0, 0) _execute_subgraph(...)>
Exception: "OSError(-101, 'NetCDF: HDF error')"
Traceback: '  File "/storage/home/cta5244/mambaforge/envs/pyWBM/lib/python3.10/site-packages/dask/array/core.py", line 133, in getter\n    c = np.asarray(c)\n  File "/storage/home/cta5244/mambaforge/envs/pyWBM/lib/python3.10/site-packages/xarray/core/indexing.py", line 578, in __array__\n    return np.asarray(self.get_duck_array(), dtype=dtype, copy=copy)\n  File "/storage/home/cta5244/mambaforge/envs/pyWBM/lib/python3.10/site-packages/xarray/core/indexing.py", line 583, in get_duck_array\n    return self.array.get_duck_array()\n  File "/storage/home/cta5244/mambaforge/envs/pyWBM/lib/python3.10/site-packages/xarray/core/indexing.py", line 794, in get_duck_array\n    return self.array.get_duck_array()\n  File "/storage/home/cta5244/mambaforge/envs/pyWBM/lib/python3.10/site-packages/xarray/core/indexing.py", line 664, in get_duck_array\n    array = array.get_duck_array()\n  File "/storage/home/cta5244/mambaforge/envs/pyWBM/lib/python3.10/site-packages/xarray/coding/variables.py", line 81, in get_duck_array\n    return self.func(self.array.get_duck_array())\n  File "/storage/home/cta5244/mambaforge/envs/pyWBM/lib/python3.10/site-packages/xarray/coding/variables.py", line 81, in get_duck_array\n    return self.func(self.array.get_duck_array())\n  File "/storage/home/cta5244/mambaforge/envs/pyWBM/lib/python3.10/site-packages/xarray/core/indexing.py", line 657, in get_duck_array\n    array = self.array[self.key]\n  File "/storage/home/cta5244/mambaforge/envs/pyWBM/lib/python3.10/site-packages/xarray/backends/netCDF4_.py", line 103, in __getitem__\n    return indexing.explicit_indexing_adapter(\n  File "/storage/home/cta5244/mambaforge/envs/pyWBM/lib/python3.10/site-packages/xarray/core/indexing.py", line 1018, in explicit_indexing_adapter\n    result = raw_indexing_method(raw_key.tuple)\n  File "/storage/home/cta5244/mambaforge/envs/pyWBM/lib/python3.10/site-packages/xarray/backends/netCDF4_.py", line 115, in _getitem\n    original_array = self.get_array(needs_lock=False)\n  File "/storage/home/cta5244/mambaforge/envs/pyWBM/lib/python3.10/site-packages/xarray/backends/netCDF4_.py", line 94, in get_array\n    ds = self.datastore._acquire(needs_lock)\n  File "/storage/home/cta5244/mambaforge/envs/pyWBM/lib/python3.10/site-packages/xarray/backends/netCDF4_.py", line 455, in _acquire\n    with self._manager.acquire_context(needs_lock) as root:\n  File "/storage/home/cta5244/mambaforge/envs/pyWBM/lib/python3.10/contextlib.py", line 135, in __enter__\n    return next(self.gen)\n  File "/storage/home/cta5244/mambaforge/envs/pyWBM/lib/python3.10/site-packages/xarray/backends/file_manager.py", line 199, in acquire_context\n    file, cached = self._acquire_with_cache_info(needs_lock)\n  File "/storage/home/cta5244/mambaforge/envs/pyWBM/lib/python3.10/site-packages/xarray/backends/file_manager.py", line 217, in _acquire_with_cache_info\n    file = self._opener(*self._args, **kwargs)\n  File "src/netCDF4/_netCDF4.pyx", line 2521, in netCDF4._netCDF4.Dataset.__init__\n  File "src/netCDF4/_netCDF4.pyx", line 2158, in netCDF4._netCDF4._ensure_nc_success\n'

Exception ignored in: <function CachingFileManager.__del__ at 0x14ea52f4d990>
Traceback (most recent call last):
  File "/storage/home/cta5244/mambaforge/envs/pyWBM/lib/python3.10/site-packages/xarray/backends/file_manager.py", line 250, in __del__
    self.close(needs_lock=False)
  File "/storage/home/cta5244/mambaforge/envs/pyWBM/lib/python3.10/site-packages/xarray/backends/file_manager.py", line 234, in close
    file.close()
  File "src/netCDF4/_netCDF4.pyx", line 2669, in netCDF4._netCDF4.Dataset.close
  File "src/netCDF4/_netCDF4.pyx", line 2636, in netCDF4._netCDF4.Dataset._close
  File "src/netCDF4/_netCDF4.pyx", line 2164, in netCDF4._netCDF4._ensure_nc_success
RuntimeError: NetCDF: HDF error
2025-03-14 22:41:51,937 - distributed.worker - ERROR - Compute Failed
Key:       ('concatenate-mean_chunk-10c91a7d72674cd3d855bf8749b01a05', 5, 0, 0)
State:     executing
Task:  <Task ('concatenate-mean_chunk-10c91a7d72674cd3d855bf8749b01a05', 5, 0, 0) _execute_subgraph(...)>
Exception: "OSError(-101, 'NetCDF: HDF error')"
Traceback: '  File "/storage/home/cta5244/mambaforge/envs/pyWBM/lib/python3.10/site-packages/dask/array/core.py", line 133, in getter\n    c = np.asarray(c)\n  File "/storage/home/cta5244/mambaforge/envs/pyWBM/lib/python3.10/site-packages/xarray/core/indexing.py", line 578, in __array__\n    return np.asarray(self.get_duck_array(), dtype=dtype, copy=copy)\n  File "/storage/home/cta5244/mambaforge/envs/pyWBM/lib/python3.10/site-packages/xarray/core/indexing.py", line 583, in get_duck_array\n    return self.array.get_duck_array()\n  File "/storage/home/cta5244/mambaforge/envs/pyWBM/lib/python3.10/site-packages/xarray/core/indexing.py", line 794, in get_duck_array\n    return self.array.get_duck_array()\n  File "/storage/home/cta5244/mambaforge/envs/pyWBM/lib/python3.10/site-packages/xarray/core/indexing.py", line 664, in get_duck_array\n    array = array.get_duck_array()\n  File "/storage/home/cta5244/mambaforge/envs/pyWBM/lib/python3.10/site-packages/xarray/coding/variables.py", line 81, in get_duck_array\n    return self.func(self.array.get_duck_array())\n  File "/storage/home/cta5244/mambaforge/envs/pyWBM/lib/python3.10/site-packages/xarray/coding/variables.py", line 81, in get_duck_array\n    return self.func(self.array.get_duck_array())\n  File "/storage/home/cta5244/mambaforge/envs/pyWBM/lib/python3.10/site-packages/xarray/core/indexing.py", line 657, in get_duck_array\n    array = self.array[self.key]\n  File "/storage/home/cta5244/mambaforge/envs/pyWBM/lib/python3.10/site-packages/xarray/backends/netCDF4_.py", line 103, in __getitem__\n    return indexing.explicit_indexing_adapter(\n  File "/storage/home/cta5244/mambaforge/envs/pyWBM/lib/python3.10/site-packages/xarray/core/indexing.py", line 1018, in explicit_indexing_adapter\n    result = raw_indexing_method(raw_key.tuple)\n  File "/storage/home/cta5244/mambaforge/envs/pyWBM/lib/python3.10/site-packages/xarray/backends/netCDF4_.py", line 115, in _getitem\n    original_array = self.get_array(needs_lock=False)\n  File "/storage/home/cta5244/mambaforge/envs/pyWBM/lib/python3.10/site-packages/xarray/backends/netCDF4_.py", line 94, in get_array\n    ds = self.datastore._acquire(needs_lock)\n  File "/storage/home/cta5244/mambaforge/envs/pyWBM/lib/python3.10/site-packages/xarray/backends/netCDF4_.py", line 455, in _acquire\n    with self._manager.acquire_context(needs_lock) as root:\n  File "/storage/home/cta5244/mambaforge/envs/pyWBM/lib/python3.10/contextlib.py", line 135, in __enter__\n    return next(self.gen)\n  File "/storage/home/cta5244/mambaforge/envs/pyWBM/lib/python3.10/site-packages/xarray/backends/file_manager.py", line 199, in acquire_context\n    file, cached = self._acquire_with_cache_info(needs_lock)\n  File "/storage/home/cta5244/mambaforge/envs/pyWBM/lib/python3.10/site-packages/xarray/backends/file_manager.py", line 217, in _acquire_with_cache_info\n    file = self._opener(*self._args, **kwargs)\n  File "src/netCDF4/_netCDF4.pyx", line 2521, in netCDF4._netCDF4.Dataset.__init__\n  File "src/netCDF4/_netCDF4.pyx", line 2158, in netCDF4._netCDF4._ensure_nc_success\n'

Exception ignored in: <function CachingFileManager.__del__ at 0x14ea52f4d990>
Traceback (most recent call last):
  File "/storage/home/cta5244/mambaforge/envs/pyWBM/lib/python3.10/site-packages/xarray/backends/file_manager.py", line 250, in __del__
    self.close(needs_lock=False)
  File "/storage/home/cta5244/mambaforge/envs/pyWBM/lib/python3.10/site-packages/xarray/backends/file_manager.py", line 234, in close
    file.close()
  File "src/netCDF4/_netCDF4.pyx", line 2669, in netCDF4._netCDF4.Dataset.close
  File "src/netCDF4/_netCDF4.pyx", line 2636, in netCDF4._netCDF4.Dataset._close
  File "src/netCDF4/_netCDF4.pyx", line 2164, in netCDF4._netCDF4._ensure_nc_success
RuntimeError: NetCDF: HDF error
2025-03-14 22:41:56,437 - distributed.worker - ERROR - Compute Failed
Key:       ('concatenate-mean_chunk-3ae049587357cf652a29fc4f20b4534c', 12, 0, 0)
State:     executing
Task:  <Task ('concatenate-mean_chunk-3ae049587357cf652a29fc4f20b4534c', 12, 0, 0) _execute_subgraph(...)>
Exception: "OSError(-101, 'NetCDF: HDF error')"
Traceback: '  File "/storage/home/cta5244/mambaforge/envs/pyWBM/lib/python3.10/site-packages/dask/array/core.py", line 133, in getter\n    c = np.asarray(c)\n  File "/storage/home/cta5244/mambaforge/envs/pyWBM/lib/python3.10/site-packages/xarray/core/indexing.py", line 578, in __array__\n    return np.asarray(self.get_duck_array(), dtype=dtype, copy=copy)\n  File "/storage/home/cta5244/mambaforge/envs/pyWBM/lib/python3.10/site-packages/xarray/core/indexing.py", line 583, in get_duck_array\n    return self.array.get_duck_array()\n  File "/storage/home/cta5244/mambaforge/envs/pyWBM/lib/python3.10/site-packages/xarray/core/indexing.py", line 794, in get_duck_array\n    return self.array.get_duck_array()\n  File "/storage/home/cta5244/mambaforge/envs/pyWBM/lib/python3.10/site-packages/xarray/core/indexing.py", line 664, in get_duck_array\n    array = array.get_duck_array()\n  File "/storage/home/cta5244/mambaforge/envs/pyWBM/lib/python3.10/site-packages/xarray/coding/variables.py", line 81, in get_duck_array\n    return self.func(self.array.get_duck_array())\n  File "/storage/home/cta5244/mambaforge/envs/pyWBM/lib/python3.10/site-packages/xarray/coding/variables.py", line 81, in get_duck_array\n    return self.func(self.array.get_duck_array())\n  File "/storage/home/cta5244/mambaforge/envs/pyWBM/lib/python3.10/site-packages/xarray/core/indexing.py", line 657, in get_duck_array\n    array = self.array[self.key]\n  File "/storage/home/cta5244/mambaforge/envs/pyWBM/lib/python3.10/site-packages/xarray/backends/netCDF4_.py", line 103, in __getitem__\n    return indexing.explicit_indexing_adapter(\n  File "/storage/home/cta5244/mambaforge/envs/pyWBM/lib/python3.10/site-packages/xarray/core/indexing.py", line 1018, in explicit_indexing_adapter\n    result = raw_indexing_method(raw_key.tuple)\n  File "/storage/home/cta5244/mambaforge/envs/pyWBM/lib/python3.10/site-packages/xarray/backends/netCDF4_.py", line 115, in _getitem\n    original_array = self.get_array(needs_lock=False)\n  File "/storage/home/cta5244/mambaforge/envs/pyWBM/lib/python3.10/site-packages/xarray/backends/netCDF4_.py", line 94, in get_array\n    ds = self.datastore._acquire(needs_lock)\n  File "/storage/home/cta5244/mambaforge/envs/pyWBM/lib/python3.10/site-packages/xarray/backends/netCDF4_.py", line 455, in _acquire\n    with self._manager.acquire_context(needs_lock) as root:\n  File "/storage/home/cta5244/mambaforge/envs/pyWBM/lib/python3.10/contextlib.py", line 135, in __enter__\n    return next(self.gen)\n  File "/storage/home/cta5244/mambaforge/envs/pyWBM/lib/python3.10/site-packages/xarray/backends/file_manager.py", line 199, in acquire_context\n    file, cached = self._acquire_with_cache_info(needs_lock)\n  File "/storage/home/cta5244/mambaforge/envs/pyWBM/lib/python3.10/site-packages/xarray/backends/file_manager.py", line 217, in _acquire_with_cache_info\n    file = self._opener(*self._args, **kwargs)\n  File "src/netCDF4/_netCDF4.pyx", line 2521, in netCDF4._netCDF4.Dataset.__init__\n  File "src/netCDF4/_netCDF4.pyx", line 2158, in netCDF4._netCDF4._ensure_nc_success\n'

Exception ignored in: <function CachingFileManager.__del__ at 0x14ea52f4d990>
Traceback (most recent call last):
  File "/storage/home/cta5244/mambaforge/envs/pyWBM/lib/python3.10/site-packages/xarray/backends/file_manager.py", line 250, in __del__
    self.close(needs_lock=False)
  File "/storage/home/cta5244/mambaforge/envs/pyWBM/lib/python3.10/site-packages/xarray/backends/file_manager.py", line 234, in close
    file.close()
  File "src/netCDF4/_netCDF4.pyx", line 2669, in netCDF4._netCDF4.Dataset.close
  File "src/netCDF4/_netCDF4.pyx", line 2636, in netCDF4._netCDF4.Dataset._close
  File "src/netCDF4/_netCDF4.pyx", line 2164, in netCDF4._netCDF4._ensure_nc_success
RuntimeError: NetCDF: HDF error
Exception ignored in: <function CachingFileManager.__del__ at 0x14ea52f4d990>
Traceback (most recent call last):
  File "/storage/home/cta5244/mambaforge/envs/pyWBM/lib/python3.10/site-packages/xarray/backends/file_manager.py", line 250, in __del__
    self.close(needs_lock=False)
  File "/storage/home/cta5244/mambaforge/envs/pyWBM/lib/python3.10/site-packages/xarray/backends/file_manager.py", line 234, in close
    file.close()
  File "src/netCDF4/_netCDF4.pyx", line 2669, in netCDF4._netCDF4.Dataset.close
  File "src/netCDF4/_netCDF4.pyx", line 2636, in netCDF4._netCDF4.Dataset._close
  File "src/netCDF4/_netCDF4.pyx", line 2164, in netCDF4._netCDF4._ensure_nc_success
RuntimeError: NetCDF: HDF error
Exception ignored in: <function CachingFileManager.__del__ at 0x14ea52f4d990>
Traceback (most recent call last):
  File "/storage/home/cta5244/mambaforge/envs/pyWBM/lib/python3.10/site-packages/xarray/backends/file_manager.py", line 250, in __del__
    self.close(needs_lock=False)
  File "/storage/home/cta5244/mambaforge/envs/pyWBM/lib/python3.10/site-packages/xarray/backends/file_manager.py", line 234, in close
    file.close()
  File "src/netCDF4/_netCDF4.pyx", line 2669, in netCDF4._netCDF4.Dataset.close
  File "src/netCDF4/_netCDF4.pyx", line 2636, in netCDF4._netCDF4.Dataset._close
  File "src/netCDF4/_netCDF4.pyx", line 2164, in netCDF4._netCDF4._ensure_nc_success
RuntimeError: NetCDF: HDF error
Exception ignored in: <function CachingFileManager.__del__ at 0x14ea52f4d990>
Traceback (most recent call last):
  File "/storage/home/cta5244/mambaforge/envs/pyWBM/lib/python3.10/site-packages/xarray/backends/file_manager.py", line 250, in __del__
    self.close(needs_lock=False)
  File "/storage/home/cta5244/mambaforge/envs/pyWBM/lib/python3.10/site-packages/xarray/backends/file_manager.py", line 234, in close
    file.close()
  File "src/netCDF4/_netCDF4.pyx", line 2669, in netCDF4._netCDF4.Dataset.close
  File "src/netCDF4/_netCDF4.pyx", line 2636, in netCDF4._netCDF4.Dataset._close
  File "src/netCDF4/_netCDF4.pyx", line 2164, in netCDF4._netCDF4._ensure_nc_success
RuntimeError: NetCDF: HDF error
Exception ignored in: <function CachingFileManager.__del__ at 0x14ea52f4d990>
Traceback (most recent call last):
  File "/storage/home/cta5244/mambaforge/envs/pyWBM/lib/python3.10/site-packages/xarray/backends/file_manager.py", line 250, in __del__
    self.close(needs_lock=False)
  File "/storage/home/cta5244/mambaforge/envs/pyWBM/lib/python3.10/site-packages/xarray/backends/file_manager.py", line 234, in close
    file.close()
  File "src/netCDF4/_netCDF4.pyx", line 2669, in netCDF4._netCDF4.Dataset.close
  File "src/netCDF4/_netCDF4.pyx", line 2636, in netCDF4._netCDF4.Dataset._close
  File "src/netCDF4/_netCDF4.pyx", line 2164, in netCDF4._netCDF4._ensure_nc_success
RuntimeError: NetCDF: HDF error
Exception ignored in: <function CachingFileManager.__del__ at 0x14ea52f4d990>
Traceback (most recent call last):
  File "/storage/home/cta5244/mambaforge/envs/pyWBM/lib/python3.10/site-packages/xarray/backends/file_manager.py", line 250, in __del__
    self.close(needs_lock=False)
  File "/storage/home/cta5244/mambaforge/envs/pyWBM/lib/python3.10/site-packages/xarray/backends/file_manager.py", line 234, in close
    file.close()
  File "src/netCDF4/_netCDF4.pyx", line 2669, in netCDF4._netCDF4.Dataset.close
  File "src/netCDF4/_netCDF4.pyx", line 2636, in netCDF4._netCDF4.Dataset._close
  File "src/netCDF4/_netCDF4.pyx", line 2164, in netCDF4._netCDF4._ensure_nc_success
RuntimeError: NetCDF: HDF error
Exception ignored in: <function CachingFileManager.__del__ at 0x14ea52f4d990>
Traceback (most recent call last):
  File "/storage/home/cta5244/mambaforge/envs/pyWBM/lib/python3.10/site-packages/xarray/backends/file_manager.py", line 250, in __del__
    self.close(needs_lock=False)
  File "/storage/home/cta5244/mambaforge/envs/pyWBM/lib/python3.10/site-packages/xarray/backends/file_manager.py", line 234, in close
    file.close()
  File "src/netCDF4/_netCDF4.pyx", line 2669, in netCDF4._netCDF4.Dataset.close
  File "src/netCDF4/_netCDF4.pyx", line 2636, in netCDF4._netCDF4.Dataset._close
  File "src/netCDF4/_netCDF4.pyx", line 2164, in netCDF4._netCDF4._ensure_nc_success
RuntimeError: NetCDF: HDF error
Exception ignored in: <function CachingFileManager.__del__ at 0x14ea52f4d990>
Traceback (most recent call last):
  File "/storage/home/cta5244/mambaforge/envs/pyWBM/lib/python3.10/site-packages/xarray/backends/file_manager.py", line 250, in __del__
    self.close(needs_lock=False)
  File "/storage/home/cta5244/mambaforge/envs/pyWBM/lib/python3.10/site-packages/xarray/backends/file_manager.py", line 234, in close
    file.close()
  File "src/netCDF4/_netCDF4.pyx", line 2669, in netCDF4._netCDF4.Dataset.close
  File "src/netCDF4/_netCDF4.pyx", line 2636, in netCDF4._netCDF4.Dataset._close
  File "src/netCDF4/_netCDF4.pyx", line 2164, in netCDF4._netCDF4._ensure_nc_success
RuntimeError: NetCDF: HDF error
2025-03-14 22:42:05,688 - distributed.worker - ERROR - Worker stream died during communication: tcp://10.6.8.13:36373
Traceback (most recent call last):
  File "/storage/home/cta5244/mambaforge/envs/pyWBM/lib/python3.10/site-packages/tornado/iostream.py", line 861, in _read_to_buffer
    bytes_read = self.read_from_fd(buf)
  File "/storage/home/cta5244/mambaforge/envs/pyWBM/lib/python3.10/site-packages/tornado/iostream.py", line 1116, in read_from_fd
    return self.socket.recv_into(buf, len(buf))
ConnectionResetError: [Errno 104] Connection reset by peer

The above exception was the direct cause of the following exception:

Traceback (most recent call last):
  File "/storage/home/cta5244/mambaforge/envs/pyWBM/lib/python3.10/site-packages/distributed/worker.py", line 2075, in gather_dep
    response = await get_data_from_worker(
  File "/storage/home/cta5244/mambaforge/envs/pyWBM/lib/python3.10/site-packages/distributed/worker.py", line 2881, in get_data_from_worker
    response = await send_recv(
  File "/storage/home/cta5244/mambaforge/envs/pyWBM/lib/python3.10/site-packages/distributed/core.py", line 1018, in send_recv
    response = await comm.read(deserializers=deserializers)
  File "/storage/home/cta5244/mambaforge/envs/pyWBM/lib/python3.10/site-packages/distributed/comm/tcp.py", line 237, in read
    convert_stream_closed_error(self, e)
  File "/storage/home/cta5244/mambaforge/envs/pyWBM/lib/python3.10/site-packages/distributed/comm/tcp.py", line 143, in convert_stream_closed_error
    raise CommClosedError(f"in {obj}: {exc.__class__.__name__}: {exc}") from exc
distributed.comm.core.CommClosedError: in <TCP (closed) Ephemeral Worker->Worker for gather local=tcp://10.6.8.44:43132 remote=tcp://10.6.8.13:36373>: ConnectionResetError: [Errno 104] Connection reset by peer
Exception ignored in: <function CachingFileManager.__del__ at 0x14ea52f4d990>
Traceback (most recent call last):
  File "/storage/home/cta5244/mambaforge/envs/pyWBM/lib/python3.10/site-packages/xarray/backends/file_manager.py", line 250, in __del__
    self.close(needs_lock=False)
  File "/storage/home/cta5244/mambaforge/envs/pyWBM/lib/python3.10/site-packages/xarray/backends/file_manager.py", line 234, in close
    file.close()
  File "src/netCDF4/_netCDF4.pyx", line 2669, in netCDF4._netCDF4.Dataset.close
  File "src/netCDF4/_netCDF4.pyx", line 2636, in netCDF4._netCDF4.Dataset._close
  File "src/netCDF4/_netCDF4.pyx", line 2164, in netCDF4._netCDF4._ensure_nc_success
RuntimeError: NetCDF: HDF error
2025-03-14 22:42:08,673 - distributed.worker - ERROR - Compute Failed
Key:       ('concatenate-mean_chunk-45d1d5732b08f1d5ee474b9142acb433', 0, 0, 0)
State:     executing
Task:  <Task ('concatenate-mean_chunk-45d1d5732b08f1d5ee474b9142acb433', 0, 0, 0) _execute_subgraph(...)>
Exception: "OSError(-101, 'NetCDF: HDF error')"
Traceback: '  File "/storage/home/cta5244/mambaforge/envs/pyWBM/lib/python3.10/site-packages/dask/array/core.py", line 133, in getter\n    c = np.asarray(c)\n  File "/storage/home/cta5244/mambaforge/envs/pyWBM/lib/python3.10/site-packages/xarray/core/indexing.py", line 578, in __array__\n    return np.asarray(self.get_duck_array(), dtype=dtype, copy=copy)\n  File "/storage/home/cta5244/mambaforge/envs/pyWBM/lib/python3.10/site-packages/xarray/core/indexing.py", line 583, in get_duck_array\n    return self.array.get_duck_array()\n  File "/storage/home/cta5244/mambaforge/envs/pyWBM/lib/python3.10/site-packages/xarray/core/indexing.py", line 794, in get_duck_array\n    return self.array.get_duck_array()\n  File "/storage/home/cta5244/mambaforge/envs/pyWBM/lib/python3.10/site-packages/xarray/core/indexing.py", line 664, in get_duck_array\n    array = array.get_duck_array()\n  File "/storage/home/cta5244/mambaforge/envs/pyWBM/lib/python3.10/site-packages/xarray/coding/variables.py", line 81, in get_duck_array\n    return self.func(self.array.get_duck_array())\n  File "/storage/home/cta5244/mambaforge/envs/pyWBM/lib/python3.10/site-packages/xarray/coding/variables.py", line 81, in get_duck_array\n    return self.func(self.array.get_duck_array())\n  File "/storage/home/cta5244/mambaforge/envs/pyWBM/lib/python3.10/site-packages/xarray/core/indexing.py", line 657, in get_duck_array\n    array = self.array[self.key]\n  File "/storage/home/cta5244/mambaforge/envs/pyWBM/lib/python3.10/site-packages/xarray/backends/netCDF4_.py", line 103, in __getitem__\n    return indexing.explicit_indexing_adapter(\n  File "/storage/home/cta5244/mambaforge/envs/pyWBM/lib/python3.10/site-packages/xarray/core/indexing.py", line 1018, in explicit_indexing_adapter\n    result = raw_indexing_method(raw_key.tuple)\n  File "/storage/home/cta5244/mambaforge/envs/pyWBM/lib/python3.10/site-packages/xarray/backends/netCDF4_.py", line 115, in _getitem\n    original_array = self.get_array(needs_lock=False)\n  File "/storage/home/cta5244/mambaforge/envs/pyWBM/lib/python3.10/site-packages/xarray/backends/netCDF4_.py", line 94, in get_array\n    ds = self.datastore._acquire(needs_lock)\n  File "/storage/home/cta5244/mambaforge/envs/pyWBM/lib/python3.10/site-packages/xarray/backends/netCDF4_.py", line 455, in _acquire\n    with self._manager.acquire_context(needs_lock) as root:\n  File "/storage/home/cta5244/mambaforge/envs/pyWBM/lib/python3.10/contextlib.py", line 135, in __enter__\n    return next(self.gen)\n  File "/storage/home/cta5244/mambaforge/envs/pyWBM/lib/python3.10/site-packages/xarray/backends/file_manager.py", line 199, in acquire_context\n    file, cached = self._acquire_with_cache_info(needs_lock)\n  File "/storage/home/cta5244/mambaforge/envs/pyWBM/lib/python3.10/site-packages/xarray/backends/file_manager.py", line 217, in _acquire_with_cache_info\n    file = self._opener(*self._args, **kwargs)\n  File "src/netCDF4/_netCDF4.pyx", line 2521, in netCDF4._netCDF4.Dataset.__init__\n  File "src/netCDF4/_netCDF4.pyx", line 2158, in netCDF4._netCDF4._ensure_nc_success\n'

2025-03-14 22:42:11,611 - distributed.nanny - INFO - Worker process 2039895 was killed by signal 11
2025-03-14 22:42:11,613 - distributed.nanny - WARNING - Restarting worker
2025-03-14 22:42:12,555 - distributed.diskutils - INFO - Found stale lock file and directory '/scratch/cta5244/dask-workers/dask-scratch-space/worker-ix4r_j76', purging
2025-03-14 22:42:13,522 - distributed.worker - INFO -       Start worker at:      tcp://10.6.8.44:37443
2025-03-14 22:42:13,523 - distributed.worker - INFO -          Listening to:      tcp://10.6.8.44:37443
2025-03-14 22:42:13,523 - distributed.worker - INFO -           Worker name:             SLURMCluster-4
2025-03-14 22:42:13,523 - distributed.worker - INFO -          dashboard at:            10.6.8.44:44367
2025-03-14 22:42:13,523 - distributed.worker - INFO - Waiting to connect to: tcp://146.186.150.11:36245
2025-03-14 22:42:13,523 - distributed.worker - INFO - -------------------------------------------------
2025-03-14 22:42:13,523 - distributed.worker - INFO -               Threads:                          1
2025-03-14 22:42:13,523 - distributed.worker - INFO -                Memory:                   4.00 GiB
2025-03-14 22:42:13,523 - distributed.worker - INFO -       Local Directory: /scratch/cta5244/dask-workers/dask-scratch-space/worker-579eoihu
2025-03-14 22:42:13,523 - distributed.worker - INFO - -------------------------------------------------
2025-03-14 22:42:14,063 - distributed.worker - INFO - Starting Worker plugin shuffle
2025-03-14 22:42:14,064 - distributed.worker - INFO -         Registered to: tcp://146.186.150.11:36245
2025-03-14 22:42:14,064 - distributed.worker - INFO - -------------------------------------------------
2025-03-14 22:42:14,064 - distributed.core - INFO - Starting established connection to tcp://146.186.150.11:36245
2025-03-14 22:42:16,216 - distributed.worker - ERROR - Worker stream died during communication: tcp://10.6.8.39:37359
Traceback (most recent call last):
  File "/storage/home/cta5244/mambaforge/envs/pyWBM/lib/python3.10/site-packages/tornado/iostream.py", line 861, in _read_to_buffer
    bytes_read = self.read_from_fd(buf)
  File "/storage/home/cta5244/mambaforge/envs/pyWBM/lib/python3.10/site-packages/tornado/iostream.py", line 1116, in read_from_fd
    return self.socket.recv_into(buf, len(buf))
ConnectionResetError: [Errno 104] Connection reset by peer

The above exception was the direct cause of the following exception:

Traceback (most recent call last):
  File "/storage/home/cta5244/mambaforge/envs/pyWBM/lib/python3.10/site-packages/distributed/worker.py", line 2075, in gather_dep
    response = await get_data_from_worker(
  File "/storage/home/cta5244/mambaforge/envs/pyWBM/lib/python3.10/site-packages/distributed/worker.py", line 2878, in get_data_from_worker
    comm = await rpc.connect(worker)
  File "/storage/home/cta5244/mambaforge/envs/pyWBM/lib/python3.10/site-packages/distributed/core.py", line 1539, in connect
    return connect_attempt.result()
  File "/storage/home/cta5244/mambaforge/envs/pyWBM/lib/python3.10/site-packages/distributed/core.py", line 1429, in _connect
    comm = await connect(
  File "/storage/home/cta5244/mambaforge/envs/pyWBM/lib/python3.10/site-packages/distributed/comm/core.py", line 377, in connect
    handshake = await comm.read()
  File "/storage/home/cta5244/mambaforge/envs/pyWBM/lib/python3.10/site-packages/distributed/comm/tcp.py", line 237, in read
    convert_stream_closed_error(self, e)
  File "/storage/home/cta5244/mambaforge/envs/pyWBM/lib/python3.10/site-packages/distributed/comm/tcp.py", line 143, in convert_stream_closed_error
    raise CommClosedError(f"in {obj}: {exc.__class__.__name__}: {exc}") from exc
distributed.comm.core.CommClosedError: in <TCP (closed)  local=tcp://10.6.8.44:47454 remote=tcp://10.6.8.39:37359>: ConnectionResetError: [Errno 104] Connection reset by peer
Exception ignored in: <function CachingFileManager.__del__ at 0x154a7933e440>
Traceback (most recent call last):
  File "/storage/home/cta5244/mambaforge/envs/pyWBM/lib/python3.10/site-packages/xarray/backends/file_manager.py", line 250, in __del__
    self.close(needs_lock=False)
  File "/storage/home/cta5244/mambaforge/envs/pyWBM/lib/python3.10/site-packages/xarray/backends/file_manager.py", line 234, in close
    file.close()
  File "src/netCDF4/_netCDF4.pyx", line 2669, in netCDF4._netCDF4.Dataset.close
  File "src/netCDF4/_netCDF4.pyx", line 2636, in netCDF4._netCDF4.Dataset._close
  File "src/netCDF4/_netCDF4.pyx", line 2164, in netCDF4._netCDF4._ensure_nc_success
RuntimeError: NetCDF: HDF error
2025-03-14 22:42:22,665 - distributed.worker - ERROR - Worker stream died during communication: tcp://10.6.8.31:33051
Traceback (most recent call last):
  File "/storage/home/cta5244/mambaforge/envs/pyWBM/lib/python3.10/site-packages/tornado/iostream.py", line 861, in _read_to_buffer
    bytes_read = self.read_from_fd(buf)
  File "/storage/home/cta5244/mambaforge/envs/pyWBM/lib/python3.10/site-packages/tornado/iostream.py", line 1116, in read_from_fd
    return self.socket.recv_into(buf, len(buf))
ConnectionResetError: [Errno 104] Connection reset by peer

The above exception was the direct cause of the following exception:

Traceback (most recent call last):
  File "/storage/home/cta5244/mambaforge/envs/pyWBM/lib/python3.10/site-packages/distributed/worker.py", line 2075, in gather_dep
    response = await get_data_from_worker(
  File "/storage/home/cta5244/mambaforge/envs/pyWBM/lib/python3.10/site-packages/distributed/worker.py", line 2881, in get_data_from_worker
    response = await send_recv(
  File "/storage/home/cta5244/mambaforge/envs/pyWBM/lib/python3.10/site-packages/distributed/core.py", line 1018, in send_recv
    response = await comm.read(deserializers=deserializers)
  File "/storage/home/cta5244/mambaforge/envs/pyWBM/lib/python3.10/site-packages/distributed/comm/tcp.py", line 237, in read
    convert_stream_closed_error(self, e)
  File "/storage/home/cta5244/mambaforge/envs/pyWBM/lib/python3.10/site-packages/distributed/comm/tcp.py", line 143, in convert_stream_closed_error
    raise CommClosedError(f"in {obj}: {exc.__class__.__name__}: {exc}") from exc
distributed.comm.core.CommClosedError: in <TCP (closed) Ephemeral Worker->Worker for gather local=tcp://10.6.8.44:46192 remote=tcp://10.6.8.31:33051>: ConnectionResetError: [Errno 104] Connection reset by peer
slurmstepd: error: *** JOB 35099584 ON p-bc-5034 CANCELLED AT 2025-03-14T22:42:44 ***
