2025-03-14 22:40:23,253 - distributed.nanny - INFO -         Start Nanny at: 'tcp://10.6.8.41:34799'
2025-03-14 22:40:25,607 - distributed.worker - INFO -       Start worker at:      tcp://10.6.8.41:45813
2025-03-14 22:40:25,608 - distributed.worker - INFO -          Listening to:      tcp://10.6.8.41:45813
2025-03-14 22:40:25,608 - distributed.worker - INFO -           Worker name:             SLURMCluster-0
2025-03-14 22:40:25,608 - distributed.worker - INFO -          dashboard at:            10.6.8.41:39091
2025-03-14 22:40:25,608 - distributed.worker - INFO - Waiting to connect to: tcp://146.186.150.11:36245
2025-03-14 22:40:25,608 - distributed.worker - INFO - -------------------------------------------------
2025-03-14 22:40:25,608 - distributed.worker - INFO -               Threads:                          1
2025-03-14 22:40:25,608 - distributed.worker - INFO -                Memory:                   4.00 GiB
2025-03-14 22:40:25,608 - distributed.worker - INFO -       Local Directory: /scratch/cta5244/dask-workers/dask-scratch-space/worker-dh7_ji4u
2025-03-14 22:40:25,608 - distributed.worker - INFO - -------------------------------------------------
2025-03-14 22:40:26,220 - distributed.worker - INFO - Starting Worker plugin shuffle
2025-03-14 22:40:26,220 - distributed.worker - INFO -         Registered to: tcp://146.186.150.11:36245
2025-03-14 22:40:26,220 - distributed.worker - INFO - -------------------------------------------------
2025-03-14 22:40:26,220 - distributed.core - INFO - Starting established connection to tcp://146.186.150.11:36245
2025-03-14 22:40:54,811 - distributed.worker - ERROR - Compute Failed
Key:       ('concatenate-mean_chunk-2c12ed28ba2669c0326f3c95e3200924', 10, 0, 0)
State:     executing
Task:  <Task ('concatenate-mean_chunk-2c12ed28ba2669c0326f3c95e3200924', 10, 0, 0) _execute_subgraph(...)>
Exception: "OSError(-101, 'NetCDF: HDF error')"
Traceback: '  File "/storage/home/cta5244/mambaforge/envs/pyWBM/lib/python3.10/site-packages/dask/array/core.py", line 133, in getter\n    c = np.asarray(c)\n  File "/storage/home/cta5244/mambaforge/envs/pyWBM/lib/python3.10/site-packages/xarray/core/indexing.py", line 578, in __array__\n    return np.asarray(self.get_duck_array(), dtype=dtype, copy=copy)\n  File "/storage/home/cta5244/mambaforge/envs/pyWBM/lib/python3.10/site-packages/xarray/core/indexing.py", line 583, in get_duck_array\n    return self.array.get_duck_array()\n  File "/storage/home/cta5244/mambaforge/envs/pyWBM/lib/python3.10/site-packages/xarray/core/indexing.py", line 794, in get_duck_array\n    return self.array.get_duck_array()\n  File "/storage/home/cta5244/mambaforge/envs/pyWBM/lib/python3.10/site-packages/xarray/core/indexing.py", line 664, in get_duck_array\n    array = array.get_duck_array()\n  File "/storage/home/cta5244/mambaforge/envs/pyWBM/lib/python3.10/site-packages/xarray/coding/variables.py", line 81, in get_duck_array\n    return self.func(self.array.get_duck_array())\n  File "/storage/home/cta5244/mambaforge/envs/pyWBM/lib/python3.10/site-packages/xarray/coding/variables.py", line 81, in get_duck_array\n    return self.func(self.array.get_duck_array())\n  File "/storage/home/cta5244/mambaforge/envs/pyWBM/lib/python3.10/site-packages/xarray/core/indexing.py", line 657, in get_duck_array\n    array = self.array[self.key]\n  File "/storage/home/cta5244/mambaforge/envs/pyWBM/lib/python3.10/site-packages/xarray/backends/netCDF4_.py", line 103, in __getitem__\n    return indexing.explicit_indexing_adapter(\n  File "/storage/home/cta5244/mambaforge/envs/pyWBM/lib/python3.10/site-packages/xarray/core/indexing.py", line 1018, in explicit_indexing_adapter\n    result = raw_indexing_method(raw_key.tuple)\n  File "/storage/home/cta5244/mambaforge/envs/pyWBM/lib/python3.10/site-packages/xarray/backends/netCDF4_.py", line 115, in _getitem\n    original_array = self.get_array(needs_lock=False)\n  File "/storage/home/cta5244/mambaforge/envs/pyWBM/lib/python3.10/site-packages/xarray/backends/netCDF4_.py", line 94, in get_array\n    ds = self.datastore._acquire(needs_lock)\n  File "/storage/home/cta5244/mambaforge/envs/pyWBM/lib/python3.10/site-packages/xarray/backends/netCDF4_.py", line 455, in _acquire\n    with self._manager.acquire_context(needs_lock) as root:\n  File "/storage/home/cta5244/mambaforge/envs/pyWBM/lib/python3.10/contextlib.py", line 135, in __enter__\n    return next(self.gen)\n  File "/storage/home/cta5244/mambaforge/envs/pyWBM/lib/python3.10/site-packages/xarray/backends/file_manager.py", line 199, in acquire_context\n    file, cached = self._acquire_with_cache_info(needs_lock)\n  File "/storage/home/cta5244/mambaforge/envs/pyWBM/lib/python3.10/site-packages/xarray/backends/file_manager.py", line 217, in _acquire_with_cache_info\n    file = self._opener(*self._args, **kwargs)\n  File "src/netCDF4/_netCDF4.pyx", line 2521, in netCDF4._netCDF4.Dataset.__init__\n  File "src/netCDF4/_netCDF4.pyx", line 2158, in netCDF4._netCDF4._ensure_nc_success\n'

Exception ignored in: <function CachingFileManager.__del__ at 0x14bf71d5cd30>
Traceback (most recent call last):
  File "/storage/home/cta5244/mambaforge/envs/pyWBM/lib/python3.10/site-packages/xarray/backends/file_manager.py", line 250, in __del__
    self.close(needs_lock=False)
  File "/storage/home/cta5244/mambaforge/envs/pyWBM/lib/python3.10/site-packages/xarray/backends/file_manager.py", line 234, in close
    file.close()
  File "src/netCDF4/_netCDF4.pyx", line 2669, in netCDF4._netCDF4.Dataset.close
  File "src/netCDF4/_netCDF4.pyx", line 2636, in netCDF4._netCDF4.Dataset._close
  File "src/netCDF4/_netCDF4.pyx", line 2164, in netCDF4._netCDF4._ensure_nc_success
RuntimeError: NetCDF: HDF error
2025-03-14 22:41:01,123 - distributed.worker - ERROR - Compute Failed
Key:       ('concatenate-mean_chunk-3a16b8386cd3b90d8f2dc73d2a12bc8c', 4, 0, 0)
State:     executing
Task:  <Task ('concatenate-mean_chunk-3a16b8386cd3b90d8f2dc73d2a12bc8c', 4, 0, 0) _execute_subgraph(...)>
Exception: "OSError(-101, 'NetCDF: HDF error')"
Traceback: '  File "/storage/home/cta5244/mambaforge/envs/pyWBM/lib/python3.10/site-packages/dask/array/core.py", line 133, in getter\n    c = np.asarray(c)\n  File "/storage/home/cta5244/mambaforge/envs/pyWBM/lib/python3.10/site-packages/xarray/core/indexing.py", line 578, in __array__\n    return np.asarray(self.get_duck_array(), dtype=dtype, copy=copy)\n  File "/storage/home/cta5244/mambaforge/envs/pyWBM/lib/python3.10/site-packages/xarray/core/indexing.py", line 583, in get_duck_array\n    return self.array.get_duck_array()\n  File "/storage/home/cta5244/mambaforge/envs/pyWBM/lib/python3.10/site-packages/xarray/core/indexing.py", line 794, in get_duck_array\n    return self.array.get_duck_array()\n  File "/storage/home/cta5244/mambaforge/envs/pyWBM/lib/python3.10/site-packages/xarray/core/indexing.py", line 664, in get_duck_array\n    array = array.get_duck_array()\n  File "/storage/home/cta5244/mambaforge/envs/pyWBM/lib/python3.10/site-packages/xarray/coding/variables.py", line 81, in get_duck_array\n    return self.func(self.array.get_duck_array())\n  File "/storage/home/cta5244/mambaforge/envs/pyWBM/lib/python3.10/site-packages/xarray/coding/variables.py", line 81, in get_duck_array\n    return self.func(self.array.get_duck_array())\n  File "/storage/home/cta5244/mambaforge/envs/pyWBM/lib/python3.10/site-packages/xarray/core/indexing.py", line 657, in get_duck_array\n    array = self.array[self.key]\n  File "/storage/home/cta5244/mambaforge/envs/pyWBM/lib/python3.10/site-packages/xarray/backends/netCDF4_.py", line 103, in __getitem__\n    return indexing.explicit_indexing_adapter(\n  File "/storage/home/cta5244/mambaforge/envs/pyWBM/lib/python3.10/site-packages/xarray/core/indexing.py", line 1018, in explicit_indexing_adapter\n    result = raw_indexing_method(raw_key.tuple)\n  File "/storage/home/cta5244/mambaforge/envs/pyWBM/lib/python3.10/site-packages/xarray/backends/netCDF4_.py", line 115, in _getitem\n    original_array = self.get_array(needs_lock=False)\n  File "/storage/home/cta5244/mambaforge/envs/pyWBM/lib/python3.10/site-packages/xarray/backends/netCDF4_.py", line 94, in get_array\n    ds = self.datastore._acquire(needs_lock)\n  File "/storage/home/cta5244/mambaforge/envs/pyWBM/lib/python3.10/site-packages/xarray/backends/netCDF4_.py", line 455, in _acquire\n    with self._manager.acquire_context(needs_lock) as root:\n  File "/storage/home/cta5244/mambaforge/envs/pyWBM/lib/python3.10/contextlib.py", line 135, in __enter__\n    return next(self.gen)\n  File "/storage/home/cta5244/mambaforge/envs/pyWBM/lib/python3.10/site-packages/xarray/backends/file_manager.py", line 199, in acquire_context\n    file, cached = self._acquire_with_cache_info(needs_lock)\n  File "/storage/home/cta5244/mambaforge/envs/pyWBM/lib/python3.10/site-packages/xarray/backends/file_manager.py", line 217, in _acquire_with_cache_info\n    file = self._opener(*self._args, **kwargs)\n  File "src/netCDF4/_netCDF4.pyx", line 2521, in netCDF4._netCDF4.Dataset.__init__\n  File "src/netCDF4/_netCDF4.pyx", line 2158, in netCDF4._netCDF4._ensure_nc_success\n'

Type = File(72057594037927964) name='/'Type = File(72057594037927965) name='/'Type = File(72057594037927966) name='/'Type = File(72057594037927967) name='/'Type = File(72057594037927968) name='/'Type = File(72057594037927969) name='/'Type = File(72057594037927970) name='/'Type = File(72057594037927971) name='/'Type = File(72057594037927972) name='/'Type = File(72057594037927973) name='/'Type = File(72057594037927974) name='/'Type = File(72057594037927975) name='/'Type = File(72057594037927976) name='/'Type = File(72057594037927977) name='/'Type = File(72057594037927978) name='/'Type = File(72057594037927979) name='/'Type = File(72057594037927980) name='/'Type = File(72057594037927981) name='/'Type = File(72057594037927982) name='/'Type = File(72057594037927983) name='/'Type = File(72057594037927984) name='/'Type = File(72057594037927985) name='/'Type = File(72057594037927986) name='/'Type = File(72057594037927987) name='/'Type = File(72057594037928008) name='/'Type = File(72057594037928013) name='/'Type = File(72057594037928033) name='/'Type = File(72057594037928041) name='/'Type = File(72057594037928042) name='/'Type = File(72057594037928043) name='/'Type = File(72057594037928044) name='/'Type = File(72057594037928045) name='/'Type = File(72057594037928046) name='/'Type = File(72057594037928047) name='/'Type = File(72057594037928048) name='/'Type = File(72057594037928049) name='/'Type = File(72057594037928050) name='/'Type = File(72057594037928051) name='/'Type = File(72057594037928052) name='/'Type = File(72057594037928053) name='/'Type = File(72057594037928054) name='/'Type = File(72057594037928055) name='/'Type = File(72057594037928056) name='/'Type = File(72057594037928057) name='/'Type = File(72057594037928058) name='/'Type = File(72057594037928059) name='/'Type = File(72057594037928060) name='/'Type = File(72057594037928061) name='/'Type = File(72057594037928062) name='/'Type = File(72057594037928063) name='/'Type = File(72057594037928064) name='/'Type = File(72057594037928065) name='/'Type = File(72057594037928071) name='/'Type = File(72057594037928073) name='/'Type = File(72057594037928074) name='/'Type = File(72057594037928075) name='/'Type = File(72057594037928076) name='/'Type = File(72057594037928077) name='/'Type = File(72057594037928078) name='/'Type = File(72057594037928079) name='/'Type = File(72057594037928080) name='/'Type = File(72057594037928081) name='/'Type = File(72057594037928084) name='/'Type = File(72057594037928085) name='/'Type = File(72057594037928086) name='/'Type = File(72057594037928087) name='/'Type = File(72057594037928088) name='/'Type = File(72057594037928089) name='/'Type = File(72057594037928090) name='/'Type = File(72057594037928091) name='/'Type = File(72057594037928092) name='/'Type = File(72057594037928093) name='/'Type = File(72057594037928095) name='/'Type = File(72057594037928096) name='/'Type = File(72057594037928097) name='/'Type = File(72057594037928098) name='/'Type = File(72057594037928101) name='/'Type = File(72057594037928102) name='/'Type = File(72057594037928103) name='/'Type = File(72057594037928104) name='/'Type = File(72057594037928105) name='/'2025-03-14 22:41:03,188 - distributed.nanny - INFO - Worker process 757669 was killed by signal 11
2025-03-14 22:41:03,199 - distributed.nanny - WARNING - Restarting worker
2025-03-14 22:41:04,076 - distributed.diskutils - INFO - Found stale lock file and directory '/scratch/cta5244/dask-workers/dask-scratch-space/worker-63wb64ou', purging
2025-03-14 22:41:05,044 - distributed.worker - INFO -       Start worker at:      tcp://10.6.8.41:37201
2025-03-14 22:41:05,044 - distributed.worker - INFO -          Listening to:      tcp://10.6.8.41:37201
2025-03-14 22:41:05,044 - distributed.worker - INFO -           Worker name:             SLURMCluster-0
2025-03-14 22:41:05,044 - distributed.worker - INFO -          dashboard at:            10.6.8.41:45191
2025-03-14 22:41:05,044 - distributed.worker - INFO - Waiting to connect to: tcp://146.186.150.11:36245
2025-03-14 22:41:05,044 - distributed.worker - INFO - -------------------------------------------------
2025-03-14 22:41:05,044 - distributed.worker - INFO -               Threads:                          1
2025-03-14 22:41:05,044 - distributed.worker - INFO -                Memory:                   4.00 GiB
2025-03-14 22:41:05,044 - distributed.worker - INFO -       Local Directory: /scratch/cta5244/dask-workers/dask-scratch-space/worker-qno_9u4e
2025-03-14 22:41:05,045 - distributed.worker - INFO - -------------------------------------------------
2025-03-14 22:41:05,449 - distributed.worker - INFO - Starting Worker plugin shuffle
2025-03-14 22:41:05,450 - distributed.worker - INFO -         Registered to: tcp://146.186.150.11:36245
2025-03-14 22:41:05,450 - distributed.worker - INFO - -------------------------------------------------
2025-03-14 22:41:05,450 - distributed.core - INFO - Starting established connection to tcp://146.186.150.11:36245
2025-03-14 22:41:09,440 - distributed.worker - ERROR - Worker stream died during communication: tcp://10.6.8.26:39699
Traceback (most recent call last):
  File "/storage/home/cta5244/mambaforge/envs/pyWBM/lib/python3.10/site-packages/tornado/iostream.py", line 861, in _read_to_buffer
    bytes_read = self.read_from_fd(buf)
  File "/storage/home/cta5244/mambaforge/envs/pyWBM/lib/python3.10/site-packages/tornado/iostream.py", line 1116, in read_from_fd
    return self.socket.recv_into(buf, len(buf))
ConnectionResetError: [Errno 104] Connection reset by peer

The above exception was the direct cause of the following exception:

Traceback (most recent call last):
  File "/storage/home/cta5244/mambaforge/envs/pyWBM/lib/python3.10/site-packages/distributed/worker.py", line 2075, in gather_dep
    response = await get_data_from_worker(
  File "/storage/home/cta5244/mambaforge/envs/pyWBM/lib/python3.10/site-packages/distributed/worker.py", line 2881, in get_data_from_worker
    response = await send_recv(
  File "/storage/home/cta5244/mambaforge/envs/pyWBM/lib/python3.10/site-packages/distributed/core.py", line 1018, in send_recv
    response = await comm.read(deserializers=deserializers)
  File "/storage/home/cta5244/mambaforge/envs/pyWBM/lib/python3.10/site-packages/distributed/comm/tcp.py", line 237, in read
    convert_stream_closed_error(self, e)
  File "/storage/home/cta5244/mambaforge/envs/pyWBM/lib/python3.10/site-packages/distributed/comm/tcp.py", line 143, in convert_stream_closed_error
    raise CommClosedError(f"in {obj}: {exc.__class__.__name__}: {exc}") from exc
distributed.comm.core.CommClosedError: in <TCP (closed) Ephemeral Worker->Worker for gather local=tcp://10.6.8.41:48302 remote=tcp://10.6.8.26:39699>: ConnectionResetError: [Errno 104] Connection reset by peer
Type = File(72057594037927936) name='/'2025-03-14 22:41:12,460 - distributed.nanny - INFO - Worker process 761701 was killed by signal 11
2025-03-14 22:41:12,464 - distributed.nanny - WARNING - Restarting worker
2025-03-14 22:41:13,311 - distributed.diskutils - INFO - Found stale lock file and directory '/scratch/cta5244/dask-workers/dask-scratch-space/worker-nbli3ori', purging
2025-03-14 22:41:14,024 - distributed.worker - INFO -       Start worker at:      tcp://10.6.8.41:42227
2025-03-14 22:41:14,024 - distributed.worker - INFO -          Listening to:      tcp://10.6.8.41:42227
2025-03-14 22:41:14,024 - distributed.worker - INFO -           Worker name:             SLURMCluster-0
2025-03-14 22:41:14,024 - distributed.worker - INFO -          dashboard at:            10.6.8.41:43707
2025-03-14 22:41:14,024 - distributed.worker - INFO - Waiting to connect to: tcp://146.186.150.11:36245
2025-03-14 22:41:14,024 - distributed.worker - INFO - -------------------------------------------------
2025-03-14 22:41:14,024 - distributed.worker - INFO -               Threads:                          1
2025-03-14 22:41:14,025 - distributed.worker - INFO -                Memory:                   4.00 GiB
2025-03-14 22:41:14,025 - distributed.worker - INFO -       Local Directory: /scratch/cta5244/dask-workers/dask-scratch-space/worker-qkxmjo10
2025-03-14 22:41:14,025 - distributed.worker - INFO - -------------------------------------------------
2025-03-14 22:41:14,486 - distributed.worker - INFO - Starting Worker plugin shuffle
2025-03-14 22:41:14,487 - distributed.worker - INFO -         Registered to: tcp://146.186.150.11:36245
2025-03-14 22:41:14,487 - distributed.worker - INFO - -------------------------------------------------
2025-03-14 22:41:14,487 - distributed.core - INFO - Starting established connection to tcp://146.186.150.11:36245
2025-03-14 22:41:25,545 - distributed.worker - ERROR - Compute Failed
Key:       ('concatenate-mean_chunk-acdb6da05c6c82a3012611484f5cf06b', 0, 0, 0)
State:     executing
Task:  <Task ('concatenate-mean_chunk-acdb6da05c6c82a3012611484f5cf06b', 0, 0, 0) _execute_subgraph(...)>
Exception: "OSError(-101, 'NetCDF: HDF error')"
Traceback: '  File "/storage/home/cta5244/mambaforge/envs/pyWBM/lib/python3.10/site-packages/dask/array/core.py", line 133, in getter\n    c = np.asarray(c)\n  File "/storage/home/cta5244/mambaforge/envs/pyWBM/lib/python3.10/site-packages/xarray/core/indexing.py", line 578, in __array__\n    return np.asarray(self.get_duck_array(), dtype=dtype, copy=copy)\n  File "/storage/home/cta5244/mambaforge/envs/pyWBM/lib/python3.10/site-packages/xarray/core/indexing.py", line 583, in get_duck_array\n    return self.array.get_duck_array()\n  File "/storage/home/cta5244/mambaforge/envs/pyWBM/lib/python3.10/site-packages/xarray/core/indexing.py", line 794, in get_duck_array\n    return self.array.get_duck_array()\n  File "/storage/home/cta5244/mambaforge/envs/pyWBM/lib/python3.10/site-packages/xarray/core/indexing.py", line 664, in get_duck_array\n    array = array.get_duck_array()\n  File "/storage/home/cta5244/mambaforge/envs/pyWBM/lib/python3.10/site-packages/xarray/coding/variables.py", line 81, in get_duck_array\n    return self.func(self.array.get_duck_array())\n  File "/storage/home/cta5244/mambaforge/envs/pyWBM/lib/python3.10/site-packages/xarray/coding/variables.py", line 81, in get_duck_array\n    return self.func(self.array.get_duck_array())\n  File "/storage/home/cta5244/mambaforge/envs/pyWBM/lib/python3.10/site-packages/xarray/core/indexing.py", line 657, in get_duck_array\n    array = self.array[self.key]\n  File "/storage/home/cta5244/mambaforge/envs/pyWBM/lib/python3.10/site-packages/xarray/backends/netCDF4_.py", line 103, in __getitem__\n    return indexing.explicit_indexing_adapter(\n  File "/storage/home/cta5244/mambaforge/envs/pyWBM/lib/python3.10/site-packages/xarray/core/indexing.py", line 1018, in explicit_indexing_adapter\n    result = raw_indexing_method(raw_key.tuple)\n  File "/storage/home/cta5244/mambaforge/envs/pyWBM/lib/python3.10/site-packages/xarray/backends/netCDF4_.py", line 115, in _getitem\n    original_array = self.get_array(needs_lock=False)\n  File "/storage/home/cta5244/mambaforge/envs/pyWBM/lib/python3.10/site-packages/xarray/backends/netCDF4_.py", line 94, in get_array\n    ds = self.datastore._acquire(needs_lock)\n  File "/storage/home/cta5244/mambaforge/envs/pyWBM/lib/python3.10/site-packages/xarray/backends/netCDF4_.py", line 455, in _acquire\n    with self._manager.acquire_context(needs_lock) as root:\n  File "/storage/home/cta5244/mambaforge/envs/pyWBM/lib/python3.10/contextlib.py", line 135, in __enter__\n    return next(self.gen)\n  File "/storage/home/cta5244/mambaforge/envs/pyWBM/lib/python3.10/site-packages/xarray/backends/file_manager.py", line 199, in acquire_context\n    file, cached = self._acquire_with_cache_info(needs_lock)\n  File "/storage/home/cta5244/mambaforge/envs/pyWBM/lib/python3.10/site-packages/xarray/backends/file_manager.py", line 217, in _acquire_with_cache_info\n    file = self._opener(*self._args, **kwargs)\n  File "src/netCDF4/_netCDF4.pyx", line 2521, in netCDF4._netCDF4.Dataset.__init__\n  File "src/netCDF4/_netCDF4.pyx", line 2158, in netCDF4._netCDF4._ensure_nc_success\n'

2025-03-14 22:41:29,649 - distributed.worker - ERROR - Worker stream died during communication: tcp://10.6.8.33:33517
Traceback (most recent call last):
  File "/storage/home/cta5244/mambaforge/envs/pyWBM/lib/python3.10/site-packages/tornado/iostream.py", line 861, in _read_to_buffer
    bytes_read = self.read_from_fd(buf)
  File "/storage/home/cta5244/mambaforge/envs/pyWBM/lib/python3.10/site-packages/tornado/iostream.py", line 1116, in read_from_fd
    return self.socket.recv_into(buf, len(buf))
ConnectionResetError: [Errno 104] Connection reset by peer

The above exception was the direct cause of the following exception:

Traceback (most recent call last):
  File "/storage/home/cta5244/mambaforge/envs/pyWBM/lib/python3.10/site-packages/distributed/worker.py", line 2075, in gather_dep
    response = await get_data_from_worker(
  File "/storage/home/cta5244/mambaforge/envs/pyWBM/lib/python3.10/site-packages/distributed/worker.py", line 2881, in get_data_from_worker
    response = await send_recv(
  File "/storage/home/cta5244/mambaforge/envs/pyWBM/lib/python3.10/site-packages/distributed/core.py", line 1018, in send_recv
    response = await comm.read(deserializers=deserializers)
  File "/storage/home/cta5244/mambaforge/envs/pyWBM/lib/python3.10/site-packages/distributed/comm/tcp.py", line 237, in read
    convert_stream_closed_error(self, e)
  File "/storage/home/cta5244/mambaforge/envs/pyWBM/lib/python3.10/site-packages/distributed/comm/tcp.py", line 143, in convert_stream_closed_error
    raise CommClosedError(f"in {obj}: {exc.__class__.__name__}: {exc}") from exc
distributed.comm.core.CommClosedError: in <TCP (closed) Ephemeral Worker->Worker for gather local=tcp://10.6.8.41:33484 remote=tcp://10.6.8.33:33517>: ConnectionResetError: [Errno 104] Connection reset by peer
2025-03-14 22:41:33,229 - distributed.worker - ERROR - Worker stream died during communication: tcp://10.6.8.39:45853
Traceback (most recent call last):
  File "/storage/home/cta5244/mambaforge/envs/pyWBM/lib/python3.10/site-packages/tornado/iostream.py", line 861, in _read_to_buffer
    bytes_read = self.read_from_fd(buf)
  File "/storage/home/cta5244/mambaforge/envs/pyWBM/lib/python3.10/site-packages/tornado/iostream.py", line 1116, in read_from_fd
    return self.socket.recv_into(buf, len(buf))
ConnectionResetError: [Errno 104] Connection reset by peer

The above exception was the direct cause of the following exception:

Traceback (most recent call last):
  File "/storage/home/cta5244/mambaforge/envs/pyWBM/lib/python3.10/site-packages/distributed/worker.py", line 2075, in gather_dep
    response = await get_data_from_worker(
  File "/storage/home/cta5244/mambaforge/envs/pyWBM/lib/python3.10/site-packages/distributed/worker.py", line 2881, in get_data_from_worker
    response = await send_recv(
  File "/storage/home/cta5244/mambaforge/envs/pyWBM/lib/python3.10/site-packages/distributed/core.py", line 1018, in send_recv
    response = await comm.read(deserializers=deserializers)
  File "/storage/home/cta5244/mambaforge/envs/pyWBM/lib/python3.10/site-packages/distributed/comm/tcp.py", line 237, in read
    convert_stream_closed_error(self, e)
  File "/storage/home/cta5244/mambaforge/envs/pyWBM/lib/python3.10/site-packages/distributed/comm/tcp.py", line 143, in convert_stream_closed_error
    raise CommClosedError(f"in {obj}: {exc.__class__.__name__}: {exc}") from exc
distributed.comm.core.CommClosedError: in <TCP (closed) Ephemeral Worker->Worker for gather local=tcp://10.6.8.41:55206 remote=tcp://10.6.8.39:45853>: ConnectionResetError: [Errno 104] Connection reset by peer
2025-03-14 22:42:11,607 - distributed.worker - ERROR - Worker stream died during communication: tcp://10.6.8.44:41191
Traceback (most recent call last):
  File "/storage/home/cta5244/mambaforge/envs/pyWBM/lib/python3.10/site-packages/distributed/comm/tcp.py", line 226, in read
    frames_nosplit_nbytes_bin = await stream.read_bytes(fmt_size)
tornado.iostream.StreamClosedError: Stream is closed

The above exception was the direct cause of the following exception:

Traceback (most recent call last):
  File "/storage/home/cta5244/mambaforge/envs/pyWBM/lib/python3.10/site-packages/distributed/worker.py", line 2075, in gather_dep
    response = await get_data_from_worker(
  File "/storage/home/cta5244/mambaforge/envs/pyWBM/lib/python3.10/site-packages/distributed/worker.py", line 2881, in get_data_from_worker
    response = await send_recv(
  File "/storage/home/cta5244/mambaforge/envs/pyWBM/lib/python3.10/site-packages/distributed/core.py", line 1018, in send_recv
    response = await comm.read(deserializers=deserializers)
  File "/storage/home/cta5244/mambaforge/envs/pyWBM/lib/python3.10/site-packages/distributed/comm/tcp.py", line 237, in read
    convert_stream_closed_error(self, e)
  File "/storage/home/cta5244/mambaforge/envs/pyWBM/lib/python3.10/site-packages/distributed/comm/tcp.py", line 137, in convert_stream_closed_error
    raise CommClosedError(f"in {obj}: {exc}") from exc
distributed.comm.core.CommClosedError: in <TCP (closed) Ephemeral Worker->Worker for gather local=tcp://10.6.8.41:35602 remote=tcp://10.6.8.44:41191>: Stream is closed
2025-03-14 22:42:12,356 - distributed.worker - ERROR - Worker stream died during communication: tcp://10.6.8.31:41763
Traceback (most recent call last):
  File "/storage/home/cta5244/mambaforge/envs/pyWBM/lib/python3.10/site-packages/tornado/iostream.py", line 861, in _read_to_buffer
    bytes_read = self.read_from_fd(buf)
  File "/storage/home/cta5244/mambaforge/envs/pyWBM/lib/python3.10/site-packages/tornado/iostream.py", line 1116, in read_from_fd
    return self.socket.recv_into(buf, len(buf))
ConnectionResetError: [Errno 104] Connection reset by peer

The above exception was the direct cause of the following exception:

Traceback (most recent call last):
  File "/storage/home/cta5244/mambaforge/envs/pyWBM/lib/python3.10/site-packages/distributed/worker.py", line 2075, in gather_dep
    response = await get_data_from_worker(
  File "/storage/home/cta5244/mambaforge/envs/pyWBM/lib/python3.10/site-packages/distributed/worker.py", line 2878, in get_data_from_worker
    comm = await rpc.connect(worker)
  File "/storage/home/cta5244/mambaforge/envs/pyWBM/lib/python3.10/site-packages/distributed/core.py", line 1539, in connect
    return connect_attempt.result()
  File "/storage/home/cta5244/mambaforge/envs/pyWBM/lib/python3.10/site-packages/distributed/core.py", line 1429, in _connect
    comm = await connect(
  File "/storage/home/cta5244/mambaforge/envs/pyWBM/lib/python3.10/site-packages/distributed/comm/core.py", line 377, in connect
    handshake = await comm.read()
  File "/storage/home/cta5244/mambaforge/envs/pyWBM/lib/python3.10/site-packages/distributed/comm/tcp.py", line 237, in read
    convert_stream_closed_error(self, e)
  File "/storage/home/cta5244/mambaforge/envs/pyWBM/lib/python3.10/site-packages/distributed/comm/tcp.py", line 143, in convert_stream_closed_error
    raise CommClosedError(f"in {obj}: {exc.__class__.__name__}: {exc}") from exc
distributed.comm.core.CommClosedError: in <TCP (closed)  local=tcp://10.6.8.41:54002 remote=tcp://10.6.8.31:41763>: ConnectionResetError: [Errno 104] Connection reset by peer
slurmstepd: error: *** JOB 35099583 ON p-bc-5031 CANCELLED AT 2025-03-14T22:42:44 ***
