Sourcing Conda
Activating WFPIenv
Running Python script
Traceback (most recent call last):
  File "/storage/home/cta5244/mambaforge/envs/pyWBM/lib/python3.10/site-packages/urllib3/connectionpool.py", line 466, in _make_request
    self._validate_conn(conn)
  File "/storage/home/cta5244/mambaforge/envs/pyWBM/lib/python3.10/site-packages/urllib3/connectionpool.py", line 1095, in _validate_conn
    conn.connect()
  File "/storage/home/cta5244/mambaforge/envs/pyWBM/lib/python3.10/site-packages/urllib3/connection.py", line 730, in connect
    sock_and_verified = _ssl_wrap_socket_and_match_hostname(
  File "/storage/home/cta5244/mambaforge/envs/pyWBM/lib/python3.10/site-packages/urllib3/connection.py", line 909, in _ssl_wrap_socket_and_match_hostname
    ssl_sock = ssl_wrap_socket(
  File "/storage/home/cta5244/mambaforge/envs/pyWBM/lib/python3.10/site-packages/urllib3/util/ssl_.py", line 469, in ssl_wrap_socket
    ssl_sock = _ssl_wrap_socket_impl(sock, context, tls_in_tls, server_hostname)
  File "/storage/home/cta5244/mambaforge/envs/pyWBM/lib/python3.10/site-packages/urllib3/util/ssl_.py", line 513, in _ssl_wrap_socket_impl
    return ssl_context.wrap_socket(sock, server_hostname=server_hostname)
  File "/storage/home/cta5244/mambaforge/envs/pyWBM/lib/python3.10/ssl.py", line 513, in wrap_socket
    return self.sslsocket_class._create(
  File "/storage/home/cta5244/mambaforge/envs/pyWBM/lib/python3.10/ssl.py", line 1104, in _create
    self.do_handshake()
  File "/storage/home/cta5244/mambaforge/envs/pyWBM/lib/python3.10/ssl.py", line 1375, in do_handshake
    self._sslobj.do_handshake()
ssl.SSLError: [SSL: UNEXPECTED_MESSAGE] unexpected message (_ssl.c:1007)

During handling of the above exception, another exception occurred:

Traceback (most recent call last):
  File "/storage/home/cta5244/mambaforge/envs/pyWBM/lib/python3.10/site-packages/urllib3/connectionpool.py", line 789, in urlopen
    response = self._make_request(
  File "/storage/home/cta5244/mambaforge/envs/pyWBM/lib/python3.10/site-packages/urllib3/connectionpool.py", line 490, in _make_request
    raise new_e
urllib3.exceptions.SSLError: [SSL: UNEXPECTED_MESSAGE] unexpected message (_ssl.c:1007)

The above exception was the direct cause of the following exception:

Traceback (most recent call last):
  File "/storage/home/cta5244/mambaforge/envs/pyWBM/lib/python3.10/site-packages/requests/adapters.py", line 667, in send
    resp = conn.urlopen(
  File "/storage/home/cta5244/mambaforge/envs/pyWBM/lib/python3.10/site-packages/urllib3/connectionpool.py", line 843, in urlopen
    retries = retries.increment(
  File "/storage/home/cta5244/mambaforge/envs/pyWBM/lib/python3.10/site-packages/urllib3/util/retry.py", line 519, in increment
    raise MaxRetryError(_pool, url, reason) from reason  # type: ignore[arg-type]
urllib3.exceptions.MaxRetryError: None: Max retries exceeded with url: /data/NLDAS/NLDAS_FORA0125_H.2.0/2018/201/NLDAS_FORA0125_H.A20180720.0000.020.nc (Caused by None)

During handling of the above exception, another exception occurred:

Traceback (most recent call last):
  File "/storage/home/cta5244/work/avila_et_al_2025_pyWBM_yield/2a_data_processing_gdd.py", line 199, in <module>
    results = dask.compute(*results)
  File "/storage/home/cta5244/mambaforge/envs/pyWBM/lib/python3.10/site-packages/dask/base.py", line 662, in compute
    results = schedule(dsk, keys, **kwargs)
  File "/storage/home/cta5244/work/avila_et_al_2025_pyWBM_yield/2a_data_processing_gdd.py", line 71, in singleYearUrl
    downloadData(url, f"{tmp_downloads_dir}/NLDAS_FORA0125_H.A{yyyymmdd}.{hour_str}.nc")
  File "/storage/home/cta5244/work/avila_et_al_2025_pyWBM_yield/2a_data_processing_gdd.py", line 22, in downloadData
    response = session.get(url, auth=(username, password), stream=True)
  File "/storage/home/cta5244/mambaforge/envs/pyWBM/lib/python3.10/site-packages/requests/sessions.py", line 602, in get
    return self.request("GET", url, **kwargs)
  File "/storage/home/cta5244/mambaforge/envs/pyWBM/lib/python3.10/site-packages/requests/sessions.py", line 589, in request
    resp = self.send(prep, **send_kwargs)
  File "/storage/home/cta5244/mambaforge/envs/pyWBM/lib/python3.10/site-packages/requests/sessions.py", line 703, in send
    r = adapter.send(request, **kwargs)
  File "/storage/home/cta5244/mambaforge/envs/pyWBM/lib/python3.10/site-packages/requests/adapters.py", line 698, in send
    raise SSLError(e, request=request)
requests.exceptions.SSLError: None: Max retries exceeded with url: /data/NLDAS/NLDAS_FORA0125_H.2.0/2018/201/NLDAS_FORA0125_H.A20180720.0000.020.nc (Caused by None)
Python script execution failed
