Sourcing Conda
Activating WFPIenv
Running Python script
Traceback (most recent call last):
  File "/storage/home/cta5244/mambaforge/envs/pyWBM/lib/python3.10/site-packages/xarray/backends/file_manager.py", line 211, in _acquire_with_cache_info
    file = self._cache[self._key]
  File "/storage/home/cta5244/mambaforge/envs/pyWBM/lib/python3.10/site-packages/xarray/backends/lru_cache.py", line 56, in __getitem__
    value = self._cache[key]
KeyError: [<class 'netCDF4._netCDF4.Dataset'>, ('/storage/home/cta5244/work/pyWBM_yield_data/NCEPNARR_NLDAS_Hist_Temp/tmp_downloads/2006/NLDAS_FORA0125_H.A20060101.2300.020.nc',), 'r', (('clobber', True), ('diskless', False), ('format', 'NETCDF4'), ('persist', False)), '6139a51e-5a06-4dca-b042-f14e656c84ef']

During handling of the above exception, another exception occurred:

Traceback (most recent call last):
  File "/storage/home/cta5244/work/avila_et_al_2025_pyWBM_yield/2a_data_processing_gdd.py", line 139, in <module>
    results = dask.compute(*results)
  File "/storage/home/cta5244/mambaforge/envs/pyWBM/lib/python3.10/site-packages/dask/base.py", line 662, in compute
    results = schedule(dsk, keys, **kwargs)
  File "/storage/home/cta5244/work/avila_et_al_2025_pyWBM_yield/2a_data_processing_gdd.py", line 72, in singleYearUrl
    hourlyToDailyTminTmax(current_dt, tmp_downloads_dir)
  File "/storage/home/cta5244/work/avila_et_al_2025_pyWBM_yield/2a_data_processing_gdd.py", line 88, in hourlyToDailyTminTmax
    tmin = xr.open_dataset(f"{tmp_downloads_dir}/NLDAS_FORA0125_H.A{yyyymmdd}.{hour_str_running}.020.nc").Tair.isel(time=0)
  File "/storage/home/cta5244/mambaforge/envs/pyWBM/lib/python3.10/site-packages/xarray/backends/api.py", line 670, in open_dataset
    backend_ds = backend.open_dataset(
  File "/storage/home/cta5244/mambaforge/envs/pyWBM/lib/python3.10/site-packages/xarray/backends/netCDF4_.py", line 666, in open_dataset
    store = NetCDF4DataStore.open(
  File "/storage/home/cta5244/mambaforge/envs/pyWBM/lib/python3.10/site-packages/xarray/backends/netCDF4_.py", line 452, in open
    return cls(manager, group=group, mode=mode, lock=lock, autoclose=autoclose)
  File "/storage/home/cta5244/mambaforge/envs/pyWBM/lib/python3.10/site-packages/xarray/backends/netCDF4_.py", line 393, in __init__
    self.format = self.ds.data_model
  File "/storage/home/cta5244/mambaforge/envs/pyWBM/lib/python3.10/site-packages/xarray/backends/netCDF4_.py", line 461, in ds
    return self._acquire()
  File "/storage/home/cta5244/mambaforge/envs/pyWBM/lib/python3.10/site-packages/xarray/backends/netCDF4_.py", line 455, in _acquire
    with self._manager.acquire_context(needs_lock) as root:
  File "/storage/home/cta5244/mambaforge/envs/pyWBM/lib/python3.10/contextlib.py", line 135, in __enter__
    return next(self.gen)
  File "/storage/home/cta5244/mambaforge/envs/pyWBM/lib/python3.10/site-packages/xarray/backends/file_manager.py", line 199, in acquire_context
    file, cached = self._acquire_with_cache_info(needs_lock)
  File "/storage/home/cta5244/mambaforge/envs/pyWBM/lib/python3.10/site-packages/xarray/backends/file_manager.py", line 217, in _acquire_with_cache_info
    file = self._opener(*self._args, **kwargs)
  File "src/netCDF4/_netCDF4.pyx", line 2521, in netCDF4._netCDF4.Dataset.__init__
  File "src/netCDF4/_netCDF4.pyx", line 2158, in netCDF4._netCDF4._ensure_nc_success
FileNotFoundError: [Errno 2] No such file or directory: '/storage/home/cta5244/work/pyWBM_yield_data/NCEPNARR_NLDAS_Hist_Temp/tmp_downloads/2006/NLDAS_FORA0125_H.A20060101.2300.020.nc'
Python script execution failed
