Sourcing Conda
Activating WFPIenv
Running Python script
Traceback (most recent call last):
  File "/storage/home/cta5244/mambaforge/envs/pyWBM/lib/python3.10/site-packages/urllib3/connectionpool.py", line 789, in urlopen
    response = self._make_request(
  File "/storage/home/cta5244/mambaforge/envs/pyWBM/lib/python3.10/site-packages/urllib3/connectionpool.py", line 536, in _make_request
    response = conn.getresponse()
  File "/storage/home/cta5244/mambaforge/envs/pyWBM/lib/python3.10/site-packages/urllib3/connection.py", line 507, in getresponse
    httplib_response = super().getresponse()
  File "/storage/home/cta5244/mambaforge/envs/pyWBM/lib/python3.10/http/client.py", line 1375, in getresponse
    response.begin()
  File "/storage/home/cta5244/mambaforge/envs/pyWBM/lib/python3.10/http/client.py", line 318, in begin
    version, status, reason = self._read_status()
  File "/storage/home/cta5244/mambaforge/envs/pyWBM/lib/python3.10/http/client.py", line 287, in _read_status
    raise RemoteDisconnected("Remote end closed connection without"
http.client.RemoteDisconnected: Remote end closed connection without response

During handling of the above exception, another exception occurred:

Traceback (most recent call last):
  File "/storage/home/cta5244/mambaforge/envs/pyWBM/lib/python3.10/site-packages/requests/adapters.py", line 667, in send
    resp = conn.urlopen(
  File "/storage/home/cta5244/mambaforge/envs/pyWBM/lib/python3.10/site-packages/urllib3/connectionpool.py", line 843, in urlopen
    retries = retries.increment(
  File "/storage/home/cta5244/mambaforge/envs/pyWBM/lib/python3.10/site-packages/urllib3/util/retry.py", line 474, in increment
    raise reraise(type(error), error, _stacktrace)
  File "/storage/home/cta5244/mambaforge/envs/pyWBM/lib/python3.10/site-packages/urllib3/util/util.py", line 38, in reraise
    raise value.with_traceback(tb)
  File "/storage/home/cta5244/mambaforge/envs/pyWBM/lib/python3.10/site-packages/urllib3/connectionpool.py", line 789, in urlopen
    response = self._make_request(
  File "/storage/home/cta5244/mambaforge/envs/pyWBM/lib/python3.10/site-packages/urllib3/connectionpool.py", line 536, in _make_request
    response = conn.getresponse()
  File "/storage/home/cta5244/mambaforge/envs/pyWBM/lib/python3.10/site-packages/urllib3/connection.py", line 507, in getresponse
    httplib_response = super().getresponse()
  File "/storage/home/cta5244/mambaforge/envs/pyWBM/lib/python3.10/http/client.py", line 1375, in getresponse
    response.begin()
  File "/storage/home/cta5244/mambaforge/envs/pyWBM/lib/python3.10/http/client.py", line 318, in begin
    version, status, reason = self._read_status()
  File "/storage/home/cta5244/mambaforge/envs/pyWBM/lib/python3.10/http/client.py", line 287, in _read_status
    raise RemoteDisconnected("Remote end closed connection without"
urllib3.exceptions.ProtocolError: ('Connection aborted.', RemoteDisconnected('Remote end closed connection without response'))

During handling of the above exception, another exception occurred:

Traceback (most recent call last):
  File "/storage/home/cta5244/work/avila_et_al_2025_pyWBM_yield/2a_data_processing_gdd.py", line 206, in <module>
    results = dask.compute(*results)
  File "/storage/home/cta5244/mambaforge/envs/pyWBM/lib/python3.10/site-packages/dask/base.py", line 662, in compute
    results = schedule(dsk, keys, **kwargs)
  File "/storage/home/cta5244/work/avila_et_al_2025_pyWBM_yield/2a_data_processing_gdd.py", line 71, in singleYearUrl
    downloadData(url, f"{tmp_downloads_dir}/NLDAS_FORA0125_H.A{yyyymmdd}.{hour_str}.nc")
  File "/storage/home/cta5244/work/avila_et_al_2025_pyWBM_yield/2a_data_processing_gdd.py", line 22, in downloadData
    response = session.get(url, auth=(username, password), stream=True)
  File "/storage/home/cta5244/mambaforge/envs/pyWBM/lib/python3.10/site-packages/requests/sessions.py", line 602, in get
    return self.request("GET", url, **kwargs)
  File "/storage/home/cta5244/mambaforge/envs/pyWBM/lib/python3.10/site-packages/requests/sessions.py", line 589, in request
    resp = self.send(prep, **send_kwargs)
  File "/storage/home/cta5244/mambaforge/envs/pyWBM/lib/python3.10/site-packages/requests/sessions.py", line 703, in send
    r = adapter.send(request, **kwargs)
  File "/storage/home/cta5244/mambaforge/envs/pyWBM/lib/python3.10/site-packages/requests/adapters.py", line 682, in send
    raise ConnectionError(err, request=request)
requests.exceptions.ConnectionError: ('Connection aborted.', RemoteDisconnected('Remote end closed connection without response'))
Python script execution failed
