Sourcing Conda
Activating WFPIenv
Running Python script
Traceback (most recent call last):
  File "/storage/home/cta5244/mambaforge/envs/pyWBM/lib/python3.10/site-packages/xarray/backends/file_manager.py", line 211, in _acquire_with_cache_info
    file = self._cache[self._key]
  File "/storage/home/cta5244/mambaforge/envs/pyWBM/lib/python3.10/site-packages/xarray/backends/lru_cache.py", line 56, in __getitem__
    value = self._cache[key]
KeyError: [<class 'netCDF4._netCDF4.Dataset'>, ('/storage/group/pches/default/users/dcl5300/wbm_soilM_uc_2024_DATA/projections/eCONUS/out/LOCA2/TaiESM1_r1i1p1f1_ssp370_VIC_kge.nc',), 'r', (('clobber', True), ('diskless', False), ('format', 'NETCDF4'), ('persist', False)), 'fcb3f7ea-11c7-43f3-98d3-b669a1aa29c3']

During handling of the above exception, another exception occurred:

Traceback (most recent call last):
  File "/storage/home/cta5244/work/avila_et_al_2025_pyWBM_yield/6_future_processing.py", line 247, in <module>
    results = dask.compute(*delayed_tasks)
  File "/storage/home/cta5244/mambaforge/envs/pyWBM/lib/python3.10/site-packages/dask/base.py", line 662, in compute
    results = schedule(dsk, keys, **kwargs)
  File "/storage/home/cta5244/work/avila_et_al_2025_pyWBM_yield/6_future_processing.py", line 152, in process_model
    ds_soilpyWBM_initial = xr.open_dataset(pywbm_combination_i)#.chunk({"lon": 100, "lat": 100, "time": "auto"})
  File "/storage/home/cta5244/mambaforge/envs/pyWBM/lib/python3.10/site-packages/xarray/backends/api.py", line 670, in open_dataset
    backend_ds = backend.open_dataset(
  File "/storage/home/cta5244/mambaforge/envs/pyWBM/lib/python3.10/site-packages/xarray/backends/netCDF4_.py", line 666, in open_dataset
    store = NetCDF4DataStore.open(
  File "/storage/home/cta5244/mambaforge/envs/pyWBM/lib/python3.10/site-packages/xarray/backends/netCDF4_.py", line 452, in open
    return cls(manager, group=group, mode=mode, lock=lock, autoclose=autoclose)
  File "/storage/home/cta5244/mambaforge/envs/pyWBM/lib/python3.10/site-packages/xarray/backends/netCDF4_.py", line 393, in __init__
    self.format = self.ds.data_model
  File "/storage/home/cta5244/mambaforge/envs/pyWBM/lib/python3.10/site-packages/xarray/backends/netCDF4_.py", line 461, in ds
    return self._acquire()
  File "/storage/home/cta5244/mambaforge/envs/pyWBM/lib/python3.10/site-packages/xarray/backends/netCDF4_.py", line 455, in _acquire
    with self._manager.acquire_context(needs_lock) as root:
  File "/storage/home/cta5244/mambaforge/envs/pyWBM/lib/python3.10/contextlib.py", line 135, in __enter__
    return next(self.gen)
  File "/storage/home/cta5244/mambaforge/envs/pyWBM/lib/python3.10/site-packages/xarray/backends/file_manager.py", line 199, in acquire_context
    file, cached = self._acquire_with_cache_info(needs_lock)
  File "/storage/home/cta5244/mambaforge/envs/pyWBM/lib/python3.10/site-packages/xarray/backends/file_manager.py", line 217, in _acquire_with_cache_info
    file = self._opener(*self._args, **kwargs)
  File "src/netCDF4/_netCDF4.pyx", line 2521, in netCDF4._netCDF4.Dataset.__init__
  File "src/netCDF4/_netCDF4.pyx", line 2158, in netCDF4._netCDF4._ensure_nc_success
OSError: [Errno -101] NetCDF: HDF error: '/storage/group/pches/default/users/dcl5300/wbm_soilM_uc_2024_DATA/projections/eCONUS/out/LOCA2/TaiESM1_r1i1p1f1_ssp370_VIC_kge.nc'
Python script execution failed
