2025-02-24 14:44:24,839 - distributed.nanny - INFO -         Start Nanny at: 'tcp://10.6.8.56:44055'
2025-02-24 14:44:27,217 - distributed.worker - INFO -       Start worker at:      tcp://10.6.8.56:35519
2025-02-24 14:44:27,217 - distributed.worker - INFO -          Listening to:      tcp://10.6.8.56:35519
2025-02-24 14:44:27,217 - distributed.worker - INFO -           Worker name:            SLURMCluster-12
2025-02-24 14:44:27,217 - distributed.worker - INFO -          dashboard at:            10.6.8.56:41587
2025-02-24 14:44:27,217 - distributed.worker - INFO - Waiting to connect to:     tcp://10.6.8.173:40421
2025-02-24 14:44:27,217 - distributed.worker - INFO - -------------------------------------------------
2025-02-24 14:44:27,218 - distributed.worker - INFO -               Threads:                          1
2025-02-24 14:44:27,218 - distributed.worker - INFO -                Memory:                   2.00 GiB
2025-02-24 14:44:27,218 - distributed.worker - INFO -       Local Directory: /tmp/dask-scratch-space/worker-yzp8bdzd
2025-02-24 14:44:27,218 - distributed.worker - INFO - -------------------------------------------------
2025-02-24 14:44:29,342 - distributed.worker - INFO - Starting Worker plugin shuffle
2025-02-24 14:44:29,343 - distributed.worker - INFO -         Registered to:     tcp://10.6.8.173:40421
2025-02-24 14:44:29,343 - distributed.worker - INFO - -------------------------------------------------
2025-02-24 14:44:29,343 - distributed.core - INFO - Starting established connection to tcp://10.6.8.173:40421
2025-02-24 14:46:12,100 - distributed.core - INFO - Connection to tcp://10.6.8.173:40421 has been closed.
2025-02-24 14:46:12,102 - distributed.worker - INFO - Stopping worker at tcp://10.6.8.56:35519. Reason: worker-handle-scheduler-connection-broken
2025-02-24 14:46:12,107 - distributed.nanny - INFO - Closing Nanny gracefully at 'tcp://10.6.8.56:44055'. Reason: worker-handle-scheduler-connection-broken
2025-02-24 14:46:12,107 - distributed.worker.state_machine - WARNING - Async instruction for <Task cancelled name="execute('singleYearUrl-f2c89f1d-d011-4ceb-ba0e-affbb9ad20fb')" coro=<Worker.execute() done, defined at /storage/home/cta5244/mambaforge/envs/pyWBM/lib/python3.10/site-packages/distributed/worker_state_machine.py:3607>> ended with CancelledError
2025-02-24 14:46:12,108 - distributed.worker - INFO - Removing Worker plugin shuffle
2025-02-24 14:46:14,225 - distributed.client - ERROR - 
ConnectionRefusedError: [Errno 111] Connection refused

The above exception was the direct cause of the following exception:

Traceback (most recent call last):
  File "/storage/home/cta5244/mambaforge/envs/pyWBM/lib/python3.10/site-packages/distributed/comm/core.py", line 342, in connect
    comm = await wait_for(
  File "/storage/home/cta5244/mambaforge/envs/pyWBM/lib/python3.10/site-packages/distributed/utils.py", line 1915, in wait_for
    return await asyncio.wait_for(fut, timeout)
  File "/storage/home/cta5244/mambaforge/envs/pyWBM/lib/python3.10/asyncio/tasks.py", line 445, in wait_for
    return fut.result()
  File "/storage/home/cta5244/mambaforge/envs/pyWBM/lib/python3.10/site-packages/distributed/comm/tcp.py", line 560, in connect
    convert_stream_closed_error(self, e)
  File "/storage/home/cta5244/mambaforge/envs/pyWBM/lib/python3.10/site-packages/distributed/comm/tcp.py", line 143, in convert_stream_closed_error
    raise CommClosedError(f"in {obj}: {exc.__class__.__name__}: {exc}") from exc
distributed.comm.core.CommClosedError: in <distributed.comm.tcp.TCPConnector object at 0x14d05af394e0>: ConnectionRefusedError: [Errno 111] Connection refused

During handling of the above exception, another exception occurred:

Traceback (most recent call last):
  File "/storage/home/cta5244/mambaforge/envs/pyWBM/lib/python3.10/site-packages/distributed/utils.py", line 805, in wrapper
    return await func(*args, **kwargs)
  File "/storage/home/cta5244/mambaforge/envs/pyWBM/lib/python3.10/site-packages/distributed/client.py", line 1549, in _reconnect
    await self._ensure_connected(timeout=timeout)
  File "/storage/home/cta5244/mambaforge/envs/pyWBM/lib/python3.10/site-packages/distributed/client.py", line 1579, in _ensure_connected
    comm = await connect(
  File "/storage/home/cta5244/mambaforge/envs/pyWBM/lib/python3.10/site-packages/distributed/comm/core.py", line 366, in connect
    await asyncio.sleep(backoff)
  File "/storage/home/cta5244/mambaforge/envs/pyWBM/lib/python3.10/asyncio/tasks.py", line 605, in sleep
    return await future
asyncio.exceptions.CancelledError
2025-02-24 14:46:14,256 - distributed.nanny - INFO - Worker closed
slurmstepd: error: *** JOB 33406471 ON p-bc-5046 CANCELLED AT 2025-02-24T14:46:16 ***
